{"/home/travis/build/npmtest/node-npmtest-cron/test.js":{"path":"/home/travis/build/npmtest/node-npmtest-cron/test.js","s":{"1":2,"2":2,"3":2,"4":2,"5":2,"6":2,"7":2,"8":1,"9":2,"10":2,"11":1,"12":1,"13":1,"14":1,"15":2,"16":2,"17":2,"18":2,"19":1,"20":1,"21":2,"22":2,"23":2,"24":1,"25":1,"26":1,"27":1,"28":1,"29":1,"30":1,"31":1,"32":1,"33":1,"34":1,"35":1,"36":1,"37":2,"38":2,"39":1,"40":2,"41":2,"42":1,"43":2,"44":2,"45":1,"46":2,"47":2,"48":1,"49":1,"50":1,"51":1,"52":1},"b":{"1":[2,1,1,1],"2":[1,1,1,1],"3":[1,1],"4":[1,1],"5":[1,1],"6":[1,1],"7":[1,1],"8":[1,1],"9":[1,1,1],"10":[1,1],"11":[1,1],"12":[1,1],"13":[1,1],"14":[1,1],"15":[1,1],"16":[1,1]},"f":{"1":2,"2":2,"3":2,"4":2,"5":2,"6":1,"7":1,"8":2,"9":2,"10":2,"11":2,"12":1},"fnMap":{"1":{"name":"(anonymous_1)","line":12,"loc":{"start":{"line":12,"column":1},"end":{"line":12,"column":13}}},"2":{"name":"(anonymous_2)","line":19,"loc":{"start":{"line":19,"column":5},"end":{"line":19,"column":17}}},"3":{"name":"(anonymous_3)","line":23,"loc":{"start":{"line":23,"column":24},"end":{"line":23,"column":36}}},"4":{"name":"(anonymous_4)","line":61,"loc":{"start":{"line":61,"column":5},"end":{"line":61,"column":17}}},"5":{"name":"(anonymous_5)","line":82,"loc":{"start":{"line":82,"column":5},"end":{"line":82,"column":17}}},"6":{"name":"(anonymous_6)","line":102,"loc":{"start":{"line":102,"column":83},"end":{"line":105,"column":10}},"skip":true},"7":{"name":"(anonymous_7)","line":113,"loc":{"start":{"line":113,"column":77},"end":{"line":116,"column":10}},"skip":true},"8":{"name":"(anonymous_8)","line":129,"loc":{"start":{"line":129,"column":12},"end":{"line":129,"column":40}},"skip":true},"9":{"name":"(anonymous_9)","line":137,"loc":{"start":{"line":137,"column":77},"end":{"line":140,"column":10}},"skip":true},"10":{"name":"(anonymous_10)","line":148,"loc":{"start":{"line":148,"column":83},"end":{"line":151,"column":10}},"skip":true},"11":{"name":"(anonymous_11)","line":159,"loc":{"start":{"line":159,"column":79},"end":{"line":162,"column":10}},"skip":true},"12":{"name":"(anonymous_12)","line":170,"loc":{"start":{"line":170,"column":75},"end":{"line":173,"column":10}},"skip":true}},"statementMap":{"1":{"start":{"line":12,"column":0},"end":{"line":185,"column":5}},"2":{"start":{"line":14,"column":4},"end":{"line":14,"column":14}},"3":{"start":{"line":19,"column":4},"end":{"line":56,"column":9}},"4":{"start":{"line":21,"column":8},"end":{"line":21,"column":19}},"5":{"start":{"line":23,"column":8},"end":{"line":35,"column":13}},"6":{"start":{"line":24,"column":12},"end":{"line":34,"column":13}},"7":{"start":{"line":25,"column":16},"end":{"line":28,"column":30}},"8":{"start":{"line":30,"column":16},"end":{"line":33,"column":27}},"9":{"start":{"line":37,"column":8},"end":{"line":39,"column":21}},"10":{"start":{"line":40,"column":8},"end":{"line":53,"column":9}},"11":{"start":{"line":43,"column":12},"end":{"line":46,"column":14}},"12":{"start":{"line":47,"column":12},"end":{"line":47,"column":18}},"13":{"start":{"line":50,"column":12},"end":{"line":51,"column":46}},"14":{"start":{"line":52,"column":12},"end":{"line":52,"column":18}},"15":{"start":{"line":55,"column":8},"end":{"line":55,"column":35}},"16":{"start":{"line":61,"column":4},"end":{"line":63,"column":9}},"17":{"start":{"line":62,"column":8},"end":{"line":62,"column":15}},"18":{"start":{"line":64,"column":4},"end":{"line":77,"column":5}},"19":{"start":{"line":70,"column":8},"end":{"line":70,"column":14}},"20":{"start":{"line":76,"column":8},"end":{"line":76,"column":14}},"21":{"start":{"line":82,"column":4},"end":{"line":84,"column":9}},"22":{"start":{"line":83,"column":8},"end":{"line":83,"column":15}},"23":{"start":{"line":85,"column":4},"end":{"line":184,"column":5}},"24":{"start":{"line":92,"column":8},"end":{"line":94,"column":63}},"25":{"start":{"line":95,"column":8},"end":{"line":95,"column":14}},"26":{"start":{"line":102,"column":8},"end":{"line":111,"column":10},"skip":true},"27":{"start":{"line":109,"column":12},"end":{"line":109,"column":55},"skip":true},"28":{"start":{"line":110,"column":12},"end":{"line":110,"column":48},"skip":true},"29":{"start":{"line":113,"column":8},"end":{"line":126,"column":10},"skip":true},"30":{"start":{"line":120,"column":12},"end":{"line":120,"column":76},"skip":true},"31":{"start":{"line":121,"column":12},"end":{"line":121,"column":73},"skip":true},"32":{"start":{"line":122,"column":12},"end":{"line":122,"column":74},"skip":true},"33":{"start":{"line":123,"column":12},"end":{"line":123,"column":79},"skip":true},"34":{"start":{"line":124,"column":12},"end":{"line":124,"column":25},"skip":true},"35":{"start":{"line":125,"column":12},"end":{"line":125,"column":45},"skip":true},"36":{"start":{"line":128,"column":8},"end":{"line":135,"column":14},"skip":true},"37":{"start":{"line":133,"column":16},"end":{"line":133,"column":29},"skip":true},"38":{"start":{"line":134,"column":16},"end":{"line":134,"column":55},"skip":true},"39":{"start":{"line":137,"column":8},"end":{"line":146,"column":10},"skip":true},"40":{"start":{"line":144,"column":12},"end":{"line":144,"column":25},"skip":true},"41":{"start":{"line":145,"column":12},"end":{"line":145,"column":45},"skip":true},"42":{"start":{"line":148,"column":8},"end":{"line":157,"column":10},"skip":true},"43":{"start":{"line":155,"column":12},"end":{"line":155,"column":25},"skip":true},"44":{"start":{"line":156,"column":12},"end":{"line":156,"column":48},"skip":true},"45":{"start":{"line":159,"column":8},"end":{"line":168,"column":10},"skip":true},"46":{"start":{"line":166,"column":12},"end":{"line":166,"column":25},"skip":true},"47":{"start":{"line":167,"column":12},"end":{"line":167,"column":46},"skip":true},"48":{"start":{"line":170,"column":8},"end":{"line":179,"column":10},"skip":true},"49":{"start":{"line":177,"column":12},"end":{"line":177,"column":94},"skip":true},"50":{"start":{"line":178,"column":12},"end":{"line":178,"column":48},"skip":true},"51":{"start":{"line":182,"column":8},"end":{"line":182,"column":35},"skip":true},"52":{"start":{"line":183,"column":8},"end":{"line":183,"column":14},"skip":true}},"branchMap":{"1":{"line":25,"type":"binary-expr","locations":[{"start":{"line":25,"column":23},"end":{"line":25,"column":62}},{"start":{"line":26,"column":20},"end":{"line":26,"column":70}},{"start":{"line":27,"column":20},"end":{"line":27,"column":71}},{"start":{"line":28,"column":20},"end":{"line":28,"column":29}}]},"2":{"line":30,"type":"binary-expr","locations":[{"start":{"line":30,"column":23},"end":{"line":30,"column":37}},{"start":{"line":31,"column":20},"end":{"line":31,"column":61}},{"start":{"line":32,"column":20},"end":{"line":32,"column":70}},{"start":{"line":33,"column":20},"end":{"line":33,"column":26}}]},"3":{"line":37,"type":"cond-expr","locations":[{"start":{"line":38,"column":14},"end":{"line":38,"column":20}},{"start":{"line":39,"column":14},"end":{"line":39,"column":20}}]},"4":{"line":40,"type":"switch","locations":[{"start":{"line":42,"column":8},"end":{"line":47,"column":18}},{"start":{"line":49,"column":8},"end":{"line":52,"column":18}}]},"5":{"line":44,"type":"binary-expr","locations":[{"start":{"line":44,"column":16},"end":{"line":44,"column":44}},{"start":{"line":44,"column":48},"end":{"line":44,"column":66}}]},"6":{"line":50,"type":"binary-expr","locations":[{"start":{"line":50,"column":21},"end":{"line":50,"column":49}},{"start":{"line":50,"column":53},"end":{"line":50,"column":72}}]},"7":{"line":64,"type":"switch","locations":[{"start":{"line":69,"column":4},"end":{"line":70,"column":14}},{"start":{"line":75,"column":4},"end":{"line":76,"column":14}}]},"8":{"line":85,"type":"switch","locations":[{"start":{"line":90,"column":4},"end":{"line":95,"column":14}},{"start":{"line":101,"column":4},"end":{"line":183,"column":14},"skip":true}]},"9":{"line":92,"type":"binary-expr","locations":[{"start":{"line":92,"column":18},"end":{"line":92,"column":32}},{"start":{"line":93,"column":12},"end":{"line":93,"column":53}},{"start":{"line":94,"column":12},"end":{"line":94,"column":61}}]},"10":{"line":102,"type":"binary-expr","locations":[{"start":{"line":102,"column":45},"end":{"line":102,"column":79},"skip":true},{"start":{"line":102,"column":83},"end":{"line":111,"column":9},"skip":true}]},"11":{"line":113,"type":"binary-expr","locations":[{"start":{"line":113,"column":42},"end":{"line":113,"column":73},"skip":true},{"start":{"line":113,"column":77},"end":{"line":126,"column":9},"skip":true}]},"12":{"line":128,"type":"binary-expr","locations":[{"start":{"line":128,"column":48},"end":{"line":128,"column":85},"skip":true},{"start":{"line":129,"column":12},"end":{"line":135,"column":13},"skip":true}]},"13":{"line":137,"type":"binary-expr","locations":[{"start":{"line":137,"column":42},"end":{"line":137,"column":73},"skip":true},{"start":{"line":137,"column":77},"end":{"line":146,"column":9},"skip":true}]},"14":{"line":148,"type":"binary-expr","locations":[{"start":{"line":148,"column":45},"end":{"line":148,"column":79},"skip":true},{"start":{"line":148,"column":83},"end":{"line":157,"column":9},"skip":true}]},"15":{"line":159,"type":"binary-expr","locations":[{"start":{"line":159,"column":43},"end":{"line":159,"column":75},"skip":true},{"start":{"line":159,"column":79},"end":{"line":168,"column":9},"skip":true}]},"16":{"line":170,"type":"binary-expr","locations":[{"start":{"line":170,"column":41},"end":{"line":170,"column":71},"skip":true},{"start":{"line":170,"column":75},"end":{"line":179,"column":9},"skip":true}]}},"code":["/* istanbul instrument in package npmtest_cron */","/*jslint","    bitwise: true,","    browser: true,","    maxerr: 8,","    maxlen: 96,","    node: true,","    nomen: true,","    regexp: true,","    stupid: true","*/","(function () {","    'use strict';","    var local;","","","","    // run shared js-env code - pre-init","    (function () {","        // init local","        local = {};","        // init modeJs","        local.modeJs = (function () {","            try {","                return typeof navigator.userAgent === 'string' &&","                    typeof document.querySelector('body') === 'object' &&","                    typeof XMLHttpRequest.prototype.open === 'function' &&","                    'browser';","            } catch (errorCaughtBrowser) {","                return module.exports &&","                    typeof process.versions.node === 'string' &&","                    typeof require('http').createServer === 'function' &&","                    'node';","            }","        }());","        // init global","        local.global = local.modeJs === 'browser'","            ? window","            : global;","        switch (local.modeJs) {","        // re-init local from window.local","        case 'browser':","            local = local.global.utility2.objectSetDefault(","                local.global.utility2_rollup || local.global.local,","                local.global.utility2","            );","            break;","        // re-init local from example.js","        case 'node':","            local = (local.global.utility2_rollup || require('utility2'))","                .requireExampleJsFromReadme();","            break;","        }","        // export local","        local.global.local = local;","    }());","","","","    // run shared js-env code - function","    (function () {","        return;","    }());","    switch (local.modeJs) {","","","","    // run browser js-env code - function","    case 'browser':","        break;","","","","    // run node js-env code - function","    case 'node':","        break;","    }","","","","    // run shared js-env code - post-init","    (function () {","        return;","    }());","    switch (local.modeJs) {","","","","    // run browser js-env code - post-init","    case 'browser':","        // run tests","        local.nop(local.modeTest &&","            document.querySelector('#testRunButton1') &&","            document.querySelector('#testRunButton1').click());","        break;","","","","    // run node js-env code - post-init","    /* istanbul ignore next */","    case 'node':","        local.testCase_buildApidoc_default = local.testCase_buildApidoc_default || function (","            options,","            onError","        ) {","        /*","         * this function will test buildApidoc's default handling-behavior-behavior","         */","            options = { modulePathList: module.paths };","            local.buildApidoc(options, onError);","        };","","        local.testCase_buildApp_default = local.testCase_buildApp_default || function (","            options,","            onError","        ) {","        /*","         * this function will test buildApp's default handling-behavior-behavior","         */","            local.testCase_buildReadme_default(options, local.onErrorThrow);","            local.testCase_buildLib_default(options, local.onErrorThrow);","            local.testCase_buildTest_default(options, local.onErrorThrow);","            local.testCase_buildCustomOrg_default(options, local.onErrorThrow);","            options = [];","            local.buildApp(options, onError);","        };","","        local.testCase_buildCustomOrg_default = local.testCase_buildCustomOrg_default ||","            function (options, onError) {","            /*","             * this function will test buildCustomOrg's default handling-behavior","             */","                options = {};","                local.buildCustomOrg(options, onError);","            };","","        local.testCase_buildLib_default = local.testCase_buildLib_default || function (","            options,","            onError","        ) {","        /*","         * this function will test buildLib's default handling-behavior","         */","            options = {};","            local.buildLib(options, onError);","        };","","        local.testCase_buildReadme_default = local.testCase_buildReadme_default || function (","            options,","            onError","        ) {","        /*","         * this function will test buildReadme's default handling-behavior-behavior","         */","            options = {};","            local.buildReadme(options, onError);","        };","","        local.testCase_buildTest_default = local.testCase_buildTest_default || function (","            options,","            onError","        ) {","        /*","         * this function will test buildTest's default handling-behavior","         */","            options = {};","            local.buildTest(options, onError);","        };","","        local.testCase_webpage_default = local.testCase_webpage_default || function (","            options,","            onError","        ) {","        /*","         * this function will test webpage's default handling-behavior","         */","            options = { modeCoverageMerge: true, url: local.serverLocalHost + '?modeTest=1' };","            local.browserTest(options, onError);","        };","","        // run test-server","        local.testRunServer(local);","        break;","    }","}());",""],"l":{"12":2,"14":2,"19":2,"21":2,"23":2,"24":2,"25":2,"30":1,"37":2,"40":2,"43":1,"47":1,"50":1,"52":1,"55":2,"61":2,"62":2,"64":2,"70":1,"76":1,"82":2,"83":2,"85":2,"92":1,"95":1,"102":1,"109":1,"110":1,"113":1,"120":1,"121":1,"122":1,"123":1,"124":1,"125":1,"128":1,"133":2,"134":2,"137":1,"144":2,"145":2,"148":1,"155":2,"156":2,"159":1,"166":2,"167":2,"170":1,"177":1,"178":1,"182":1,"183":1}},"/home/travis/build/npmtest/node-npmtest-cron/lib.npmtest_cron.js":{"path":"/home/travis/build/npmtest/node-npmtest-cron/lib.npmtest_cron.js","s":{"1":2,"2":2,"3":2,"4":2,"5":2,"6":2,"7":2,"8":1,"9":2,"10":2,"11":2,"12":2,"13":1,"14":1,"15":1,"16":1},"b":{"1":[2,1,1,1],"2":[1,1,1,1],"3":[1,1],"4":[2,2],"5":[1,1]},"f":{"1":2,"2":2,"3":2},"fnMap":{"1":{"name":"(anonymous_1)","line":12,"loc":{"start":{"line":12,"column":1},"end":{"line":12,"column":13}}},"2":{"name":"(anonymous_2)","line":19,"loc":{"start":{"line":19,"column":5},"end":{"line":19,"column":17}}},"3":{"name":"(anonymous_3)","line":23,"loc":{"start":{"line":23,"column":24},"end":{"line":23,"column":36}}}},"statementMap":{"1":{"start":{"line":12,"column":0},"end":{"line":53,"column":5}},"2":{"start":{"line":14,"column":4},"end":{"line":14,"column":14}},"3":{"start":{"line":19,"column":4},"end":{"line":52,"column":9}},"4":{"start":{"line":21,"column":8},"end":{"line":21,"column":19}},"5":{"start":{"line":23,"column":8},"end":{"line":35,"column":13}},"6":{"start":{"line":24,"column":12},"end":{"line":34,"column":13}},"7":{"start":{"line":25,"column":16},"end":{"line":28,"column":30}},"8":{"start":{"line":30,"column":16},"end":{"line":33,"column":27}},"9":{"start":{"line":37,"column":8},"end":{"line":39,"column":21}},"10":{"start":{"line":41,"column":8},"end":{"line":41,"column":54}},"11":{"start":{"line":43,"column":8},"end":{"line":43,"column":49}},"12":{"start":{"line":45,"column":8},"end":{"line":51,"column":9}},"13":{"start":{"line":46,"column":12},"end":{"line":46,"column":55}},"14":{"start":{"line":48,"column":12},"end":{"line":48,"column":35}},"15":{"start":{"line":49,"column":12},"end":{"line":49,"column":49}},"16":{"start":{"line":50,"column":12},"end":{"line":50,"column":43}}},"branchMap":{"1":{"line":25,"type":"binary-expr","locations":[{"start":{"line":25,"column":23},"end":{"line":25,"column":62}},{"start":{"line":26,"column":20},"end":{"line":26,"column":70}},{"start":{"line":27,"column":20},"end":{"line":27,"column":71}},{"start":{"line":28,"column":20},"end":{"line":28,"column":29}}]},"2":{"line":30,"type":"binary-expr","locations":[{"start":{"line":30,"column":23},"end":{"line":30,"column":37}},{"start":{"line":31,"column":20},"end":{"line":31,"column":61}},{"start":{"line":32,"column":20},"end":{"line":32,"column":70}},{"start":{"line":33,"column":20},"end":{"line":33,"column":26}}]},"3":{"line":37,"type":"cond-expr","locations":[{"start":{"line":38,"column":14},"end":{"line":38,"column":20}},{"start":{"line":39,"column":14},"end":{"line":39,"column":20}}]},"4":{"line":41,"type":"binary-expr","locations":[{"start":{"line":41,"column":16},"end":{"line":41,"column":44}},{"start":{"line":41,"column":48},"end":{"line":41,"column":53}}]},"5":{"line":45,"type":"if","locations":[{"start":{"line":45,"column":8},"end":{"line":45,"column":8}},{"start":{"line":45,"column":8},"end":{"line":45,"column":8}}]}},"code":["/* istanbul instrument in package npmtest_cron */","/*jslint","    bitwise: true,","    browser: true,","    maxerr: 8,","    maxlen: 96,","    node: true,","    nomen: true,","    regexp: true,","    stupid: true","*/","(function () {","    'use strict';","    var local;","","","","    // run shared js-env code - pre-init","    (function () {","        // init local","        local = {};","        // init modeJs","        local.modeJs = (function () {","            try {","                return typeof navigator.userAgent === 'string' &&","                    typeof document.querySelector('body') === 'object' &&","                    typeof XMLHttpRequest.prototype.open === 'function' &&","                    'browser';","            } catch (errorCaughtBrowser) {","                return module.exports &&","                    typeof process.versions.node === 'string' &&","                    typeof require('http').createServer === 'function' &&","                    'node';","            }","        }());","        // init global","        local.global = local.modeJs === 'browser'","            ? window","            : global;","        // init utility2_rollup","        local = local.global.utility2_rollup || local;","        // init lib","        local.local = local.npmtest_cron = local;","        // init exports","        if (local.modeJs === 'browser') {","            local.global.utility2_npmtest_cron = local;","        } else {","            module.exports = local;","            module.exports.__dirname = __dirname;","            module.exports.module = module;","        }","    }());","}());",""],"l":{"12":2,"14":2,"19":2,"21":2,"23":2,"24":2,"25":2,"30":1,"37":2,"41":2,"43":2,"45":2,"46":1,"48":1,"49":1,"50":1}},"/home/travis/build/npmtest/node-npmtest-cron/example.js":{"path":"/home/travis/build/npmtest/node-npmtest-cron/example.js","s":{"1":2,"2":2,"3":2,"4":2,"5":2,"6":2,"7":2,"8":1,"9":2,"10":2,"11":2,"12":2,"13":1,"14":2,"15":2,"16":2,"17":2,"18":2,"19":0,"20":2,"21":1,"22":1,"23":1,"24":1,"25":1,"26":0,"27":0,"28":1,"29":1,"30":2,"31":0,"32":0,"33":0,"34":1,"35":2,"36":2,"37":2,"38":2,"39":2,"40":2,"41":0,"42":2,"43":2,"44":2,"45":1,"46":3,"47":1,"48":1,"49":1,"50":1,"51":1,"52":1,"53":1,"54":1,"55":1,"56":1,"57":0,"58":1,"59":6,"60":6,"61":1,"62":2,"63":0,"64":2,"65":1,"66":1,"67":0,"68":0,"69":0,"70":0,"71":0,"72":0,"73":0,"74":0,"75":0,"76":0,"77":0,"78":0,"79":0,"80":0,"81":0,"82":0,"83":0},"b":{"1":[2,1,1,1],"2":[1,1,1,1],"3":[1,1],"4":[2,2],"5":[1,1],"6":[1,1],"7":[2,0],"8":[2,1,1,1,1,1],"9":[0,2,0],"10":[1,1],"11":[2,1,1],"12":[1,0],"13":[0,2],"14":[2,0,0,0,0,0,0],"15":[0,2],"16":[2,0],"17":[1,1],"18":[0,1],"19":[1,2,0,2],"20":[1,0],"21":[1,1],"22":[0,0],"23":[0,0],"24":[0,0],"25":[0,0],"26":[0,0],"27":[0,0],"28":[0,0]},"f":{"1":2,"2":2,"3":2,"4":2,"5":2,"6":2,"7":2,"8":2,"9":3,"10":1,"11":6,"12":0},"fnMap":{"1":{"name":"(anonymous_1)","line":26,"loc":{"start":{"line":26,"column":1},"end":{"line":26,"column":13}}},"2":{"name":"(anonymous_2)","line":33,"loc":{"start":{"line":33,"column":5},"end":{"line":33,"column":17}}},"3":{"name":"(anonymous_3)","line":37,"loc":{"start":{"line":37,"column":24},"end":{"line":37,"column":36}}},"4":{"name":"(anonymous_4)","line":69,"loc":{"start":{"line":69,"column":31},"end":{"line":69,"column":48}},"skip":true},"5":{"name":"(anonymous_5)","line":78,"loc":{"start":{"line":78,"column":26},"end":{"line":78,"column":45}},"skip":true},"6":{"name":"(anonymous_6)","line":123,"loc":{"start":{"line":123,"column":33},"end":{"line":123,"column":48}},"skip":true},"7":{"name":"(anonymous_7)","line":125,"loc":{"start":{"line":125,"column":27},"end":{"line":125,"column":39}},"skip":true},"8":{"name":"(anonymous_8)","line":133,"loc":{"start":{"line":133,"column":59},"end":{"line":133,"column":74}},"skip":true},"9":{"name":"(anonymous_9)","line":143,"loc":{"start":{"line":143,"column":45},"end":{"line":143,"column":62}},"skip":true},"10":{"name":"(anonymous_10)","line":144,"loc":{"start":{"line":144,"column":73},"end":{"line":144,"column":92}},"skip":true},"11":{"name":"(anonymous_11)","line":272,"loc":{"start":{"line":272,"column":51},"end":{"line":272,"column":77}},"skip":true},"12":{"name":"(anonymous_12)","line":314,"loc":{"start":{"line":314,"column":32},"end":{"line":314,"column":61}},"skip":true}},"statementMap":{"1":{"start":{"line":26,"column":0},"end":{"line":325,"column":5}},"2":{"start":{"line":28,"column":4},"end":{"line":28,"column":14}},"3":{"start":{"line":33,"column":4},"end":{"line":60,"column":9}},"4":{"start":{"line":35,"column":8},"end":{"line":35,"column":19}},"5":{"start":{"line":37,"column":8},"end":{"line":49,"column":13}},"6":{"start":{"line":38,"column":12},"end":{"line":48,"column":13}},"7":{"start":{"line":39,"column":16},"end":{"line":42,"column":30}},"8":{"start":{"line":44,"column":16},"end":{"line":47,"column":27}},"9":{"start":{"line":51,"column":8},"end":{"line":53,"column":21}},"10":{"start":{"line":55,"column":8},"end":{"line":57,"column":45}},"11":{"start":{"line":59,"column":8},"end":{"line":59,"column":35}},"12":{"start":{"line":61,"column":4},"end":{"line":324,"column":5}},"13":{"start":{"line":69,"column":8},"end":{"line":121,"column":10},"skip":true},"14":{"start":{"line":70,"column":12},"end":{"line":88,"column":13},"skip":true},"15":{"start":{"line":76,"column":16},"end":{"line":87,"column":19},"skip":true},"16":{"start":{"line":79,"column":20},"end":{"line":86,"column":21},"skip":true},"17":{"start":{"line":82,"column":24},"end":{"line":82,"column":43},"skip":true},"18":{"start":{"line":83,"column":24},"end":{"line":83,"column":30},"skip":true},"19":{"start":{"line":85,"column":24},"end":{"line":85,"column":49},"skip":true},"20":{"start":{"line":89,"column":12},"end":{"line":107,"column":13},"skip":true},"21":{"start":{"line":92,"column":16},"end":{"line":102,"column":17},"skip":true},"22":{"start":{"line":93,"column":20},"end":{"line":93,"column":86},"skip":true},"23":{"start":{"line":94,"column":20},"end":{"line":95,"column":45},"skip":true},"24":{"start":{"line":96,"column":20},"end":{"line":96,"column":42},"skip":true},"25":{"start":{"line":97,"column":20},"end":{"line":97,"column":48},"skip":true},"26":{"start":{"line":100,"column":20},"end":{"line":100,"column":85},"skip":true},"27":{"start":{"line":101,"column":20},"end":{"line":101,"column":96},"skip":true},"28":{"start":{"line":103,"column":16},"end":{"line":103,"column":22},"skip":true},"29":{"start":{"line":106,"column":16},"end":{"line":106,"column":22},"skip":true},"30":{"start":{"line":108,"column":12},"end":{"line":120,"column":13},"skip":true},"31":{"start":{"line":114,"column":16},"end":{"line":119,"column":17},"skip":true},"32":{"start":{"line":116,"column":20},"end":{"line":116,"column":78},"skip":true},"33":{"start":{"line":118,"column":20},"end":{"line":118,"column":47},"skip":true},"34":{"start":{"line":123,"column":8},"end":{"line":141,"column":11},"skip":true},"35":{"start":{"line":124,"column":12},"end":{"line":124,"column":54},"skip":true},"36":{"start":{"line":125,"column":12},"end":{"line":140,"column":14},"skip":true},"37":{"start":{"line":126,"column":16},"end":{"line":126,"column":28},"skip":true},"38":{"start":{"line":127,"column":16},"end":{"line":127,"column":69},"skip":true},"39":{"start":{"line":128,"column":16},"end":{"line":128,"column":75},"skip":true},"40":{"start":{"line":129,"column":16},"end":{"line":131,"column":17},"skip":true},"41":{"start":{"line":130,"column":20},"end":{"line":130,"column":27},"skip":true},"42":{"start":{"line":133,"column":16},"end":{"line":137,"column":36},"skip":true},"43":{"start":{"line":134,"column":20},"end":{"line":136,"column":55},"skip":true},"44":{"start":{"line":139,"column":16},"end":{"line":139,"column":57},"skip":true},"45":{"start":{"line":143,"column":8},"end":{"line":147,"column":11},"skip":true},"46":{"start":{"line":144,"column":12},"end":{"line":146,"column":15},"skip":true},"47":{"start":{"line":145,"column":16},"end":{"line":145,"column":70},"skip":true},"48":{"start":{"line":149,"column":8},"end":{"line":149,"column":31},"skip":true},"49":{"start":{"line":150,"column":8},"end":{"line":150,"column":14},"skip":true},"50":{"start":{"line":158,"column":8},"end":{"line":158,"column":31},"skip":true},"51":{"start":{"line":160,"column":8},"end":{"line":160,"column":33},"skip":true},"52":{"start":{"line":161,"column":8},"end":{"line":161,"column":37},"skip":true},"53":{"start":{"line":162,"column":8},"end":{"line":162,"column":35},"skip":true},"54":{"start":{"line":164,"column":8},"end":{"line":164,"column":50},"skip":true},"55":{"start":{"line":166,"column":8},"end":{"line":256,"column":2},"skip":true},"56":{"start":{"line":258,"column":8},"end":{"line":286,"column":9},"skip":true},"57":{"start":{"line":259,"column":12},"end":{"line":269,"column":14},"skip":true},"58":{"start":{"line":271,"column":12},"end":{"line":285,"column":19},"skip":true},"59":{"start":{"line":274,"column":20},"end":{"line":274,"column":35},"skip":true},"60":{"start":{"line":275,"column":20},"end":{"line":284,"column":21},"skip":true},"61":{"start":{"line":277,"column":24},"end":{"line":277,"column":64},"skip":true},"62":{"start":{"line":279,"column":24},"end":{"line":279,"column":40},"skip":true},"63":{"start":{"line":281,"column":24},"end":{"line":281,"column":40},"skip":true},"64":{"start":{"line":283,"column":24},"end":{"line":283,"column":39},"skip":true},"65":{"start":{"line":288,"column":8},"end":{"line":290,"column":9},"skip":true},"66":{"start":{"line":289,"column":12},"end":{"line":289,"column":18},"skip":true},"67":{"start":{"line":291,"column":8},"end":{"line":293,"column":54},"skip":true},"68":{"start":{"line":294,"column":8},"end":{"line":301,"column":37},"skip":true},"69":{"start":{"line":302,"column":8},"end":{"line":302,"column":82},"skip":true},"70":{"start":{"line":305,"column":8},"end":{"line":307,"column":9},"skip":true},"71":{"start":{"line":306,"column":12},"end":{"line":306,"column":82},"skip":true},"72":{"start":{"line":309,"column":8},"end":{"line":311,"column":9},"skip":true},"73":{"start":{"line":310,"column":12},"end":{"line":310,"column":18},"skip":true},"74":{"start":{"line":312,"column":8},"end":{"line":312,"column":54},"skip":true},"75":{"start":{"line":313,"column":8},"end":{"line":313,"column":69},"skip":true},"76":{"start":{"line":314,"column":8},"end":{"line":322,"column":36},"skip":true},"77":{"start":{"line":315,"column":12},"end":{"line":315,"column":61},"skip":true},"78":{"start":{"line":316,"column":12},"end":{"line":319,"column":13},"skip":true},"79":{"start":{"line":317,"column":16},"end":{"line":317,"column":75},"skip":true},"80":{"start":{"line":318,"column":16},"end":{"line":318,"column":23},"skip":true},"81":{"start":{"line":320,"column":12},"end":{"line":320,"column":38},"skip":true},"82":{"start":{"line":321,"column":12},"end":{"line":321,"column":27},"skip":true},"83":{"start":{"line":323,"column":8},"end":{"line":323,"column":14},"skip":true}},"branchMap":{"1":{"line":39,"type":"binary-expr","locations":[{"start":{"line":39,"column":23},"end":{"line":39,"column":62}},{"start":{"line":40,"column":20},"end":{"line":40,"column":70}},{"start":{"line":41,"column":20},"end":{"line":41,"column":71}},{"start":{"line":42,"column":20},"end":{"line":42,"column":29}}]},"2":{"line":44,"type":"binary-expr","locations":[{"start":{"line":44,"column":23},"end":{"line":44,"column":37}},{"start":{"line":45,"column":20},"end":{"line":45,"column":61}},{"start":{"line":46,"column":20},"end":{"line":46,"column":70}},{"start":{"line":47,"column":20},"end":{"line":47,"column":26}}]},"3":{"line":51,"type":"cond-expr","locations":[{"start":{"line":52,"column":14},"end":{"line":52,"column":20}},{"start":{"line":53,"column":14},"end":{"line":53,"column":20}}]},"4":{"line":55,"type":"binary-expr","locations":[{"start":{"line":55,"column":16},"end":{"line":55,"column":44}},{"start":{"line":55,"column":49},"end":{"line":57,"column":43}}]},"5":{"line":55,"type":"cond-expr","locations":[{"start":{"line":56,"column":14},"end":{"line":56,"column":48}},{"start":{"line":57,"column":14},"end":{"line":57,"column":43}}]},"6":{"line":61,"type":"switch","locations":[{"start":{"line":68,"column":4},"end":{"line":150,"column":14},"skip":true},{"start":{"line":156,"column":4},"end":{"line":323,"column":14},"skip":true}]},"7":{"line":70,"type":"if","locations":[{"start":{"line":70,"column":12},"end":{"line":70,"column":12},"skip":true},{"start":{"line":70,"column":12},"end":{"line":70,"column":12},"skip":true}]},"8":{"line":70,"type":"binary-expr","locations":[{"start":{"line":70,"column":16},"end":{"line":70,"column":22},"skip":true},{"start":{"line":70,"column":27},"end":{"line":70,"column":32},"skip":true},{"start":{"line":71,"column":20},"end":{"line":71,"column":39},"skip":true},{"start":{"line":72,"column":20},"end":{"line":72,"column":49},"skip":true},{"start":{"line":73,"column":20},"end":{"line":73,"column":58},"skip":true},{"start":{"line":74,"column":20},"end":{"line":74,"column":69},"skip":true}]},"9":{"line":79,"type":"switch","locations":[{"start":{"line":80,"column":20},"end":{"line":80,"column":33},"skip":true},{"start":{"line":81,"column":20},"end":{"line":83,"column":30},"skip":true},{"start":{"line":84,"column":20},"end":{"line":85,"column":49},"skip":true}]},"10":{"line":89,"type":"switch","locations":[{"start":{"line":90,"column":12},"end":{"line":103,"column":22},"skip":true},{"start":{"line":105,"column":12},"end":{"line":106,"column":22},"skip":true}]},"11":{"line":89,"type":"binary-expr","locations":[{"start":{"line":89,"column":20},"end":{"line":89,"column":25},"skip":true},{"start":{"line":89,"column":29},"end":{"line":89,"column":48},"skip":true},{"start":{"line":89,"column":52},"end":{"line":89,"column":74},"skip":true}]},"12":{"line":92,"type":"if","locations":[{"start":{"line":92,"column":16},"end":{"line":92,"column":16},"skip":true},{"start":{"line":92,"column":16},"end":{"line":92,"column":16},"skip":true}]},"13":{"line":108,"type":"if","locations":[{"start":{"line":108,"column":12},"end":{"line":108,"column":12},"skip":true},{"start":{"line":108,"column":12},"end":{"line":108,"column":12},"skip":true}]},"14":{"line":108,"type":"binary-expr","locations":[{"start":{"line":108,"column":16},"end":{"line":108,"column":61},"skip":true},{"start":{"line":108,"column":66},"end":{"line":108,"column":72},"skip":true},{"start":{"line":108,"column":77},"end":{"line":108,"column":82},"skip":true},{"start":{"line":109,"column":20},"end":{"line":109,"column":39},"skip":true},{"start":{"line":110,"column":20},"end":{"line":110,"column":49},"skip":true},{"start":{"line":111,"column":20},"end":{"line":111,"column":58},"skip":true},{"start":{"line":112,"column":20},"end":{"line":112,"column":68},"skip":true}]},"15":{"line":129,"type":"if","locations":[{"start":{"line":129,"column":16},"end":{"line":129,"column":16},"skip":true},{"start":{"line":129,"column":16},"end":{"line":129,"column":16},"skip":true}]},"16":{"line":134,"type":"cond-expr","locations":[{"start":{"line":135,"column":26},"end":{"line":135,"column":29},"skip":true},{"start":{"line":136,"column":26},"end":{"line":136,"column":54},"skip":true}]},"17":{"line":164,"type":"binary-expr","locations":[{"start":{"line":164,"column":27},"end":{"line":164,"column":43},"skip":true},{"start":{"line":164,"column":47},"end":{"line":164,"column":49},"skip":true}]},"18":{"line":258,"type":"if","locations":[{"start":{"line":258,"column":8},"end":{"line":258,"column":8},"skip":true},{"start":{"line":258,"column":8},"end":{"line":258,"column":8},"skip":true}]},"19":{"line":275,"type":"switch","locations":[{"start":{"line":276,"column":20},"end":{"line":277,"column":64},"skip":true},{"start":{"line":278,"column":20},"end":{"line":279,"column":40},"skip":true},{"start":{"line":280,"column":20},"end":{"line":281,"column":40},"skip":true},{"start":{"line":282,"column":20},"end":{"line":283,"column":39},"skip":true}]},"20":{"line":288,"type":"if","locations":[{"start":{"line":288,"column":8},"end":{"line":288,"column":8},"skip":true},{"start":{"line":288,"column":8},"end":{"line":288,"column":8},"skip":true}]},"21":{"line":288,"type":"binary-expr","locations":[{"start":{"line":288,"column":12},"end":{"line":288,"column":40},"skip":true},{"start":{"line":288,"column":44},"end":{"line":288,"column":67},"skip":true}]},"22":{"line":292,"type":"binary-expr","locations":[{"start":{"line":292,"column":12},"end":{"line":292,"column":50},"skip":true},{"start":{"line":293,"column":12},"end":{"line":293,"column":53},"skip":true}]},"23":{"line":295,"type":"binary-expr","locations":[{"start":{"line":295,"column":12},"end":{"line":295,"column":62},"skip":true},{"start":{"line":296,"column":12},"end":{"line":301,"column":36},"skip":true}]},"24":{"line":302,"type":"binary-expr","locations":[{"start":{"line":302,"column":43},"end":{"line":302,"column":75},"skip":true},{"start":{"line":302,"column":79},"end":{"line":302,"column":81},"skip":true}]},"25":{"line":305,"type":"if","locations":[{"start":{"line":305,"column":8},"end":{"line":305,"column":8},"skip":true},{"start":{"line":305,"column":8},"end":{"line":305,"column":8},"skip":true}]},"26":{"line":309,"type":"if","locations":[{"start":{"line":309,"column":8},"end":{"line":309,"column":8},"skip":true},{"start":{"line":309,"column":8},"end":{"line":309,"column":8},"skip":true}]},"27":{"line":312,"type":"binary-expr","locations":[{"start":{"line":312,"column":27},"end":{"line":312,"column":43},"skip":true},{"start":{"line":312,"column":47},"end":{"line":312,"column":53},"skip":true}]},"28":{"line":316,"type":"if","locations":[{"start":{"line":316,"column":12},"end":{"line":316,"column":12},"skip":true},{"start":{"line":316,"column":12},"end":{"line":316,"column":12},"skip":true}]}},"code":["/*","example.js","","quickstart example","","instruction","    1. save this script as example.js","    2. run the shell command:","        $ npm install npmtest-cron && PORT=8081 node example.js","    3. play with the browser-demo on http://127.0.0.1:8081","*/","","","","/* istanbul instrument in package npmtest_cron */","/*jslint","    bitwise: true,","    browser: true,","    maxerr: 8,","    maxlen: 96,","    node: true,","    nomen: true,","    regexp: true,","    stupid: true","*/","(function () {","    'use strict';","    var local;","","","","    // run shared js-env code - pre-init","    (function () {","        // init local","        local = {};","        // init modeJs","        local.modeJs = (function () {","            try {","                return typeof navigator.userAgent === 'string' &&","                    typeof document.querySelector('body') === 'object' &&","                    typeof XMLHttpRequest.prototype.open === 'function' &&","                    'browser';","            } catch (errorCaughtBrowser) {","                return module.exports &&","                    typeof process.versions.node === 'string' &&","                    typeof require('http').createServer === 'function' &&","                    'node';","            }","        }());","        // init global","        local.global = local.modeJs === 'browser'","            ? window","            : global;","        // init utility2_rollup","        local = local.global.utility2_rollup || (local.modeJs === 'browser'","            ? local.global.utility2_npmtest_cron","            : global.utility2_moduleExports);","        // export local","        local.global.local = local;","    }());","    switch (local.modeJs) {","","","","    // post-init","    // run browser js-env code - post-init","    /* istanbul ignore next */","    case 'browser':","        local.testRunBrowser = function (event) {","            if (!event || (event &&","                    event.currentTarget &&","                    event.currentTarget.className &&","                    event.currentTarget.className.includes &&","                    event.currentTarget.className.includes('onreset'))) {","                // reset output","                Array.from(","                    document.querySelectorAll('body > .resettable')","                ).forEach(function (element) {","                    switch (element.tagName) {","                    case 'INPUT':","                    case 'TEXTAREA':","                        element.value = '';","                        break;","                    default:","                        element.textContent = '';","                    }","                });","            }","            switch (event && event.currentTarget && event.currentTarget.id) {","            case 'testRunButton1':","                // show tests","                if (document.querySelector('#testReportDiv1').style.display === 'none') {","                    document.querySelector('#testReportDiv1').style.display = 'block';","                    document.querySelector('#testRunButton1').textContent =","                        'hide internal test';","                    local.modeTest = true;","                    local.testRunDefault(local);","                // hide tests","                } else {","                    document.querySelector('#testReportDiv1').style.display = 'none';","                    document.querySelector('#testRunButton1').textContent = 'run internal test';","                }","                break;","            // custom-case","            default:","                break;","            }","            if (document.querySelector('#inputTextareaEval1') && (!event || (event &&","                    event.currentTarget &&","                    event.currentTarget.className &&","                    event.currentTarget.className.includes &&","                    event.currentTarget.className.includes('oneval')))) {","                // try to eval input-code","                try {","                    /*jslint evil: true*/","                    eval(document.querySelector('#inputTextareaEval1').value);","                } catch (errorCaught) {","                    console.error(errorCaught);","                }","            }","        };","        // log stderr and stdout to #outputTextareaStdout1","        ['error', 'log'].forEach(function (key) {","            console[key + '_original'] = console[key];","            console[key] = function () {","                var element;","                console[key + '_original'].apply(console, arguments);","                element = document.querySelector('#outputTextareaStdout1');","                if (!element) {","                    return;","                }","                // append text to #outputTextareaStdout1","                element.value += Array.from(arguments).map(function (arg) {","                    return typeof arg === 'string'","                        ? arg","                        : JSON.stringify(arg, null, 4);","                }).join(' ') + '\\n';","                // scroll textarea to bottom","                element.scrollTop = element.scrollHeight;","            };","        });","        // init event-handling","        ['change', 'click', 'keyup'].forEach(function (event) {","            Array.from(document.querySelectorAll('.on' + event)).forEach(function (element) {","                element.addEventListener(event, local.testRunBrowser);","            });","        });","        // run tests","        local.testRunBrowser();","        break;","","","","    // run node js-env code - post-init","    /* istanbul ignore next */","    case 'node':","        // export local","        module.exports = local;","        // require modules","        local.fs = require('fs');","        local.http = require('http');","        local.url = require('url');","        // init assets","        local.assetsDict = local.assetsDict || {};","        /* jslint-ignore-begin */","        local.assetsDict['/assets.index.template.html'] = '\\","<!doctype html>\\n\\","<html lang=\"en\">\\n\\","<head>\\n\\","<meta charset=\"UTF-8\">\\n\\","<meta name=\"viewport\" content=\"width=device-width, initial-scale=1\">\\n\\","<title>{{env.npm_package_name}} (v{{env.npm_package_version}})</title>\\n\\","<style>\\n\\","/*csslint\\n\\","    box-sizing: false,\\n\\","    universal-selector: false\\n\\","*/\\n\\","* {\\n\\","    box-sizing: border-box;\\n\\","}\\n\\","body {\\n\\","    background: #dde;\\n\\","    font-family: Arial, Helvetica, sans-serif;\\n\\","    margin: 2rem;\\n\\","}\\n\\","body > * {\\n\\","    margin-bottom: 1rem;\\n\\","}\\n\\",".utility2FooterDiv {\\n\\","    margin-top: 20px;\\n\\","    text-align: center;\\n\\","}\\n\\","</style>\\n\\","<style>\\n\\","/*csslint\\n\\","*/\\n\\","textarea {\\n\\","    font-family: monospace;\\n\\","    height: 10rem;\\n\\","    width: 100%;\\n\\","}\\n\\","textarea[readonly] {\\n\\","    background: #ddd;\\n\\","}\\n\\","</style>\\n\\","</head>\\n\\","<body>\\n\\","<!-- utility2-comment\\n\\","<div id=\"ajaxProgressDiv1\" style=\"background: #d00; height: 2px; left: 0; margin: 0; padding: 0; position: fixed; top: 0; transition: background 0.5s, width 1.5s; width: 25%;\"></div>\\n\\","utility2-comment -->\\n\\","<h1>\\n\\","<!-- utility2-comment\\n\\","    <a\\n\\","        {{#if env.npm_package_homepage}}\\n\\","        href=\"{{env.npm_package_homepage}}\"\\n\\","        {{/if env.npm_package_homepage}}\\n\\","        target=\"_blank\"\\n\\","    >\\n\\","utility2-comment -->\\n\\","        {{env.npm_package_name}} (v{{env.npm_package_version}})\\n\\","<!-- utility2-comment\\n\\","    </a>\\n\\","utility2-comment -->\\n\\","</h1>\\n\\","<h3>{{env.npm_package_description}}</h3>\\n\\","<!-- utility2-comment\\n\\","<h4><a download href=\"assets.app.js\">download standalone app</a></h4>\\n\\","<button class=\"onclick onreset\" id=\"testRunButton1\">run internal test</button><br>\\n\\","<div id=\"testReportDiv1\" style=\"display: none;\"></div>\\n\\","utility2-comment -->\\n\\","\\n\\","\\n\\","\\n\\","<label>stderr and stdout</label>\\n\\","<textarea class=\"resettable\" id=\"outputTextareaStdout1\" readonly></textarea>\\n\\","<!-- utility2-comment\\n\\","{{#if isRollup}}\\n\\","<script src=\"assets.app.js\"></script>\\n\\","{{#unless isRollup}}\\n\\","utility2-comment -->\\n\\","<script src=\"assets.utility2.rollup.js\"></script>\\n\\","<script src=\"jsonp.utility2._stateInit?callback=window.utility2._stateInit\"></script>\\n\\","<script src=\"assets.npmtest_cron.rollup.js\"></script>\\n\\","<script src=\"assets.example.js\"></script>\\n\\","<script src=\"assets.test.js\"></script>\\n\\","<!-- utility2-comment\\n\\","{{/if isRollup}}\\n\\","utility2-comment -->\\n\\","<div class=\"utility2FooterDiv\">\\n\\","    [ this app was created with\\n\\","    <a href=\"https://github.com/kaizhu256/node-utility2\" target=\"_blank\">utility2</a>\\n\\","    ]\\n\\","</div>\\n\\","</body>\\n\\","</html>\\n\\","';","        /* jslint-ignore-end */","        if (local.templateRender) {","            local.assetsDict['/'] = local.templateRender(","                local.assetsDict['/assets.index.template.html'],","                {","                    env: local.objectSetDefault(local.env, {","                        npm_package_description: 'the greatest app in the world!',","                        npm_package_name: 'my-app',","                        npm_package_nameAlias: 'my_app',","                        npm_package_version: '0.0.1'","                    })","                }","            );","        } else {","            local.assetsDict['/'] = local.assetsDict['/assets.index.template.html']","                .replace((/\\{\\{env\\.(\\w+?)\\}\\}/g), function (match0, match1) {","                    // jslint-hack","                    String(match0);","                    switch (match1) {","                    case 'npm_package_description':","                        return 'the greatest app in the world!';","                    case 'npm_package_name':","                        return 'my-app';","                    case 'npm_package_nameAlias':","                        return 'my_app';","                    case 'npm_package_version':","                        return '0.0.1';","                    }","                });","        }","        // run the cli","        if (local.global.utility2_rollup || module !== require.main) {","            break;","        }","        local.assetsDict['/assets.example.js'] =","            local.assetsDict['/assets.example.js'] ||","            local.fs.readFileSync(__filename, 'utf8');","        local.assetsDict['/assets.npmtest_cron.rollup.js'] =","            local.assetsDict['/assets.npmtest_cron.rollup.js'] ||","            local.fs.readFileSync(","                // buildCustomOrg-hack","                local.npmtest_cron.__dirname +","                    '/lib.npmtest_cron.js',","                'utf8'","            ).replace((/^#!/), '//');","        local.assetsDict['/favicon.ico'] = local.assetsDict['/favicon.ico'] || '';","        // if $npm_config_timeout_exit exists,","        // then exit this process after $npm_config_timeout_exit ms","        if (Number(process.env.npm_config_timeout_exit)) {","            setTimeout(process.exit, Number(process.env.npm_config_timeout_exit));","        }","        // start server","        if (local.global.utility2_serverHttp1) {","            break;","        }","        process.env.PORT = process.env.PORT || '8081';","        console.error('server starting on port ' + process.env.PORT);","        local.http.createServer(function (request, response) {","            request.urlParsed = local.url.parse(request.url);","            if (local.assetsDict[request.urlParsed.pathname] !== undefined) {","                response.end(local.assetsDict[request.urlParsed.pathname]);","                return;","            }","            response.statusCode = 404;","            response.end();","        }).listen(process.env.PORT);","        break;","    }","}());",""],"l":{"26":2,"28":2,"33":2,"35":2,"37":2,"38":2,"39":2,"44":1,"51":2,"55":2,"59":2,"61":2,"69":1,"70":2,"76":2,"79":2,"82":2,"83":2,"85":1,"89":2,"92":1,"93":1,"94":1,"96":1,"97":1,"100":1,"101":1,"103":1,"106":1,"108":2,"114":1,"116":1,"118":1,"123":1,"124":2,"125":2,"126":2,"127":2,"128":2,"129":2,"130":1,"133":2,"134":2,"139":2,"143":1,"144":3,"145":1,"149":1,"150":1,"158":1,"160":1,"161":1,"162":1,"164":1,"166":1,"258":1,"259":1,"271":1,"274":6,"275":6,"277":1,"279":2,"281":1,"283":2,"288":1,"289":1,"291":1,"294":1,"302":1,"305":1,"306":1,"309":1,"310":1,"312":1,"313":1,"314":1,"315":1,"316":1,"317":1,"318":1,"320":1,"321":1,"323":1}},"/home/travis/build/npmtest/node-npmtest-cron/cron/lib/cron.js":{"path":"/home/travis/build/npmtest/node-npmtest-cron/cron/lib/cron.js","s":{"1":1,"2":1,"3":0,"4":1,"5":1,"6":0,"7":1,"8":1,"9":0,"10":0,"11":0,"12":0,"13":0,"14":0,"15":0,"16":0,"17":0,"18":0,"19":0,"20":0,"21":0,"22":1,"23":1,"24":1,"25":1,"26":1,"27":0,"28":0,"29":0,"30":0,"31":0,"32":0,"33":0,"34":0,"35":0,"36":0,"37":0,"38":0,"39":0,"40":0,"41":0,"42":0,"43":0,"44":0,"45":0,"46":0,"47":0,"48":0,"49":0,"50":0,"51":0,"52":0,"53":0,"54":0,"55":0,"56":0,"57":0,"58":0,"59":0,"60":0,"61":0,"62":0,"63":0,"64":0,"65":0,"66":0,"67":0,"68":0,"69":0,"70":0,"71":0,"72":0,"73":0,"74":0,"75":0,"76":0,"77":0,"78":0,"79":0,"80":0,"81":0,"82":0,"83":0,"84":0,"85":0,"86":0,"87":0,"88":0,"89":0,"90":0,"91":0,"92":0,"93":0,"94":0,"95":0,"96":0,"97":0,"98":0,"99":0,"100":0,"101":0,"102":0,"103":0,"104":0,"105":0,"106":0,"107":0,"108":0,"109":0,"110":0,"111":0,"112":0,"113":0,"114":0,"115":0,"116":0,"117":0,"118":0,"119":0,"120":0,"121":0,"122":0,"123":0,"124":0,"125":0,"126":0,"127":0,"128":0,"129":0,"130":0,"131":0,"132":0,"133":0,"134":0,"135":0,"136":0,"137":0,"138":0,"139":0,"140":0,"141":0,"142":0,"143":0,"144":0,"145":0,"146":0,"147":0,"148":0,"149":0,"150":0,"151":0,"152":0,"153":0,"154":0,"155":1,"156":0,"157":0,"158":0,"159":0,"160":0,"161":0,"162":0,"163":0,"164":0,"165":0,"166":0,"167":0,"168":0,"169":1,"170":0,"171":0,"172":0,"173":0,"174":0,"175":0,"176":0,"177":0,"178":0,"179":0,"180":0,"181":0,"182":0,"183":0,"184":0,"185":0,"186":0,"187":0,"188":0,"189":1,"190":0,"191":0,"192":1,"193":1,"194":0,"195":0,"196":0,"197":0,"198":1,"199":0,"200":1,"201":0,"202":0,"203":1,"204":1,"205":0,"206":1,"207":0,"208":0,"209":0,"210":0,"211":0,"212":0,"213":0,"214":0,"215":0,"216":1,"217":0,"218":0,"219":1,"220":0,"221":0,"222":0,"223":0,"224":0,"225":0,"226":0,"227":0,"228":0,"229":0,"230":0,"231":0,"232":0,"233":0,"234":0,"235":0,"236":0,"237":0,"238":0,"239":0,"240":0,"241":0,"242":0,"243":0,"244":0,"245":1,"246":1,"247":0,"248":1,"249":0,"250":0,"251":0,"252":0,"253":0,"254":1,"255":0,"256":1,"257":0,"258":1,"259":0,"260":1,"261":0,"262":1,"263":1,"264":1},"b":{"1":[0,1],"2":[1,0],"3":[1,0],"4":[1,1],"5":[0,0],"6":[0,0],"7":[0,0],"8":[0,0],"9":[0,0],"10":[0,0],"11":[0,0],"12":[0,0],"13":[0,0],"14":[0,0,0],"15":[0,0],"16":[0,0],"17":[0,0],"18":[0,0],"19":[0,0],"20":[0,0],"21":[0,0],"22":[0,0],"23":[0,0],"24":[0,0],"25":[0,0],"26":[0,0],"27":[0,0],"28":[0,0],"29":[0,0],"30":[0,0],"31":[0,0],"32":[0,0],"33":[0,0],"34":[0,0],"35":[0,0],"36":[0,0],"37":[0,0],"38":[0,0],"39":[0,0],"40":[0,0],"41":[0,0],"42":[0,0],"43":[0,0],"44":[0,0],"45":[0,0],"46":[0,0],"47":[0,0],"48":[0,0],"49":[0,0],"50":[0,0,0],"51":[0,0],"52":[0,0],"53":[0,0],"54":[0,0],"55":[0,0],"56":[0,0],"57":[0,0],"58":[0,0],"59":[0,0],"60":[0,0],"61":[0,0],"62":[0,0],"63":[0,0],"64":[0,0],"65":[0,0],"66":[0,0]},"f":{"1":1,"2":1,"3":0,"4":0,"5":0,"6":0,"7":0,"8":0,"9":0,"10":0,"11":0,"12":0,"13":0,"14":0,"15":0,"16":0,"17":0,"18":0,"19":0,"20":0,"21":0,"22":0,"23":0,"24":0,"25":0,"26":0,"27":0,"28":0,"29":0,"30":0,"31":0,"32":0,"33":0,"34":0},"fnMap":{"1":{"name":"(anonymous_1)","line":1,"loc":{"start":{"line":1,"column":1},"end":{"line":1,"column":26}}},"2":{"name":"(anonymous_2)","line":9,"loc":{"start":{"line":9,"column":8},"end":{"line":9,"column":41}}},"3":{"name":"CronTime","line":15,"loc":{"start":{"line":15,"column":0},"end":{"line":15,"column":32}}},"4":{"name":"(anonymous_4)","line":27,"loc":{"start":{"line":27,"column":15},"end":{"line":27,"column":33}}},"5":{"name":"(anonymous_5)","line":87,"loc":{"start":{"line":87,"column":15},"end":{"line":87,"column":26}}},"6":{"name":"(anonymous_6)","line":109,"loc":{"start":{"line":109,"column":9},"end":{"line":109,"column":21}}},"7":{"name":"(anonymous_7)","line":149,"loc":{"start":{"line":149,"column":13},"end":{"line":149,"column":24}}},"8":{"name":"(anonymous_8)","line":156,"loc":{"start":{"line":156,"column":11},"end":{"line":156,"column":22}}},"9":{"name":"(anonymous_9)","line":163,"loc":{"start":{"line":163,"column":9},"end":{"line":163,"column":20}}},"10":{"name":"(anonymous_10)","line":165,"loc":{"start":{"line":165,"column":23},"end":{"line":165,"column":41}}},"11":{"name":"(anonymous_11)","line":173,"loc":{"start":{"line":173,"column":19},"end":{"line":173,"column":35}}},"12":{"name":"(anonymous_12)","line":255,"loc":{"start":{"line":255,"column":11},"end":{"line":255,"column":26}}},"13":{"name":"(anonymous_13)","line":266,"loc":{"start":{"line":266,"column":11},"end":{"line":266,"column":26}}},"14":{"name":"(anonymous_14)","line":277,"loc":{"start":{"line":277,"column":10},"end":{"line":277,"column":25}}},"15":{"name":"(anonymous_15)","line":288,"loc":{"start":{"line":288,"column":9},"end":{"line":288,"column":20}}},"16":{"name":"(anonymous_16)","line":290,"loc":{"start":{"line":290,"column":47},"end":{"line":290,"column":63}}},"17":{"name":"(anonymous_17)","line":312,"loc":{"start":{"line":312,"column":14},"end":{"line":312,"column":49}}},"18":{"name":"(anonymous_18)","line":327,"loc":{"start":{"line":327,"column":39},"end":{"line":327,"column":72}}},"19":{"name":"command2function","line":350,"loc":{"start":{"line":350,"column":0},"end":{"line":350,"column":31}}},"20":{"name":"CronJob","line":373,"loc":{"start":{"line":373,"column":0},"end":{"line":373,"column":87}}},"21":{"name":"(anonymous_21)","line":399,"loc":{"start":{"line":399,"column":18},"end":{"line":399,"column":37}}},"22":{"name":"(anonymous_22)","line":404,"loc":{"start":{"line":404,"column":28},"end":{"line":404,"column":43}}},"23":{"name":"(anonymous_23)","line":410,"loc":{"start":{"line":410,"column":29},"end":{"line":410,"column":40}}},"24":{"name":"(anonymous_24)","line":414,"loc":{"start":{"line":414,"column":17},"end":{"line":414,"column":28}}},"25":{"name":"(anonymous_25)","line":420,"loc":{"start":{"line":420,"column":30},"end":{"line":420,"column":42}}},"26":{"name":"(anonymous_26)","line":424,"loc":{"start":{"line":424,"column":12},"end":{"line":424,"column":23}}},"27":{"name":"_setTimeout","line":435,"loc":{"start":{"line":435,"column":1},"end":{"line":435,"column":31}}},"28":{"name":"callbackWrapper","line":443,"loc":{"start":{"line":443,"column":1},"end":{"line":443,"column":28}}},"29":{"name":"(anonymous_29)","line":505,"loc":{"start":{"line":505,"column":29},"end":{"line":505,"column":39}}},"30":{"name":"(anonymous_30)","line":512,"loc":{"start":{"line":512,"column":25},"end":{"line":512,"column":36}}},"31":{"name":"(anonymous_31)","line":519,"loc":{"start":{"line":519,"column":14},"end":{"line":519,"column":53}}},"32":{"name":"(anonymous_32)","line":523,"loc":{"start":{"line":523,"column":15},"end":{"line":523,"column":44}}},"33":{"name":"(anonymous_33)","line":527,"loc":{"start":{"line":527,"column":17},"end":{"line":527,"column":36}}},"34":{"name":"(anonymous_34)","line":531,"loc":{"start":{"line":531,"column":18},"end":{"line":531,"column":37}}}},"statementMap":{"1":{"start":{"line":1,"column":0},"end":{"line":540,"column":4}},"2":{"start":{"line":2,"column":1},"end":{"line":8,"column":2}},"3":{"start":{"line":3,"column":2},"end":{"line":3,"column":39}},"4":{"start":{"line":4,"column":8},"end":{"line":8,"column":2}},"5":{"start":{"line":5,"column":2},"end":{"line":5,"column":81}},"6":{"start":{"line":7,"column":2},"end":{"line":7,"column":35}},"7":{"start":{"line":11,"column":0},"end":{"line":13,"column":47}},"8":{"start":{"line":15,"column":0},"end":{"line":38,"column":1}},"9":{"start":{"line":16,"column":1},"end":{"line":16,"column":22}},"10":{"start":{"line":18,"column":1},"end":{"line":24,"column":2}},"11":{"start":{"line":19,"column":2},"end":{"line":21,"column":3}},"12":{"start":{"line":20,"column":3},"end":{"line":20,"column":40}},"13":{"start":{"line":23,"column":2},"end":{"line":23,"column":19}},"14":{"start":{"line":26,"column":1},"end":{"line":26,"column":17}},"15":{"start":{"line":27,"column":1},"end":{"line":29,"column":4}},"16":{"start":{"line":28,"column":2},"end":{"line":28,"column":22}},"17":{"start":{"line":31,"column":1},"end":{"line":37,"column":2}},"18":{"start":{"line":32,"column":2},"end":{"line":32,"column":36}},"19":{"start":{"line":33,"column":2},"end":{"line":33,"column":23}},"20":{"start":{"line":35,"column":2},"end":{"line":35,"column":16}},"21":{"start":{"line":36,"column":2},"end":{"line":36,"column":22}},"22":{"start":{"line":40,"column":0},"end":{"line":47,"column":3}},"23":{"start":{"line":48,"column":1},"end":{"line":61,"column":3}},"24":{"start":{"line":62,"column":1},"end":{"line":62,"column":57}},"25":{"start":{"line":63,"column":1},"end":{"line":83,"column":3}},"26":{"start":{"line":86,"column":0},"end":{"line":348,"column":2}},"27":{"start":{"line":88,"column":2},"end":{"line":88,"column":39}},"28":{"start":{"line":89,"column":2},"end":{"line":103,"column":3}},"29":{"start":{"line":90,"column":3},"end":{"line":90,"column":21}},"30":{"start":{"line":91,"column":3},"end":{"line":91,"column":56}},"31":{"start":{"line":92,"column":3},"end":{"line":92,"column":18}},"32":{"start":{"line":93,"column":3},"end":{"line":93,"column":43}},"33":{"start":{"line":94,"column":3},"end":{"line":98,"column":4}},"34":{"start":{"line":95,"column":4},"end":{"line":95,"column":22}},"35":{"start":{"line":96,"column":4},"end":{"line":97,"column":15}},"36":{"start":{"line":97,"column":5},"end":{"line":97,"column":15}},"37":{"start":{"line":100,"column":3},"end":{"line":102,"column":4}},"38":{"start":{"line":101,"column":4},"end":{"line":101,"column":76}},"39":{"start":{"line":110,"column":2},"end":{"line":110,"column":52}},"40":{"start":{"line":112,"column":2},"end":{"line":113,"column":29}},"41":{"start":{"line":113,"column":3},"end":{"line":113,"column":29}},"42":{"start":{"line":115,"column":2},"end":{"line":116,"column":15}},"43":{"start":{"line":116,"column":3},"end":{"line":116,"column":15}},"44":{"start":{"line":119,"column":2},"end":{"line":119,"column":23}},"45":{"start":{"line":120,"column":2},"end":{"line":120,"column":36}},"46":{"start":{"line":121,"column":2},"end":{"line":121,"column":54}},"47":{"start":{"line":124,"column":2},"end":{"line":127,"column":3}},"48":{"start":{"line":126,"column":3},"end":{"line":126,"column":27}},"49":{"start":{"line":130,"column":2},"end":{"line":143,"column":3}},"50":{"start":{"line":131,"column":3},"end":{"line":131,"column":38}},"51":{"start":{"line":132,"column":3},"end":{"line":132,"column":15}},"52":{"start":{"line":136,"column":3},"end":{"line":136,"column":18}},"53":{"start":{"line":137,"column":3},"end":{"line":141,"column":4}},"54":{"start":{"line":138,"column":4},"end":{"line":138,"column":39}},"55":{"start":{"line":139,"column":4},"end":{"line":139,"column":29}},"56":{"start":{"line":140,"column":4},"end":{"line":140,"column":28}},"57":{"start":{"line":140,"column":12},"end":{"line":140,"column":28}},"58":{"start":{"line":142,"column":3},"end":{"line":142,"column":16}},"59":{"start":{"line":150,"column":2},"end":{"line":150,"column":48}},"60":{"start":{"line":157,"column":2},"end":{"line":157,"column":33}},"61":{"start":{"line":164,"column":2},"end":{"line":164,"column":18}},"62":{"start":{"line":165,"column":2},"end":{"line":167,"column":5}},"63":{"start":{"line":166,"column":3},"end":{"line":166,"column":34}},"64":{"start":{"line":174,"column":2},"end":{"line":174,"column":27}},"65":{"start":{"line":175,"column":2},"end":{"line":178,"column":3}},"66":{"start":{"line":176,"column":3},"end":{"line":176,"column":56}},"67":{"start":{"line":177,"column":3},"end":{"line":177,"column":15}},"68":{"start":{"line":179,"column":2},"end":{"line":180,"column":62}},"69":{"start":{"line":180,"column":3},"end":{"line":180,"column":62}},"70":{"start":{"line":181,"column":2},"end":{"line":181,"column":33}},"71":{"start":{"line":181,"column":21},"end":{"line":181,"column":33}},"72":{"start":{"line":184,"column":2},"end":{"line":247,"column":3}},"73":{"start":{"line":185,"column":3},"end":{"line":186,"column":30}},"74":{"start":{"line":188,"column":3},"end":{"line":195,"column":4}},"75":{"start":{"line":189,"column":4},"end":{"line":189,"column":21}},"76":{"start":{"line":190,"column":4},"end":{"line":190,"column":17}},"77":{"start":{"line":191,"column":4},"end":{"line":191,"column":18}},"78":{"start":{"line":192,"column":4},"end":{"line":192,"column":20}},"79":{"start":{"line":193,"column":4},"end":{"line":193,"column":20}},"80":{"start":{"line":194,"column":4},"end":{"line":194,"column":13}},"81":{"start":{"line":197,"column":3},"end":{"line":203,"column":4}},"82":{"start":{"line":198,"column":4},"end":{"line":198,"column":21}},"83":{"start":{"line":199,"column":4},"end":{"line":199,"column":18}},"84":{"start":{"line":200,"column":4},"end":{"line":200,"column":20}},"85":{"start":{"line":201,"column":4},"end":{"line":201,"column":20}},"86":{"start":{"line":202,"column":4},"end":{"line":202,"column":13}},"87":{"start":{"line":205,"column":3},"end":{"line":214,"column":4}},"88":{"start":{"line":206,"column":4},"end":{"line":206,"column":21}},"89":{"start":{"line":207,"column":4},"end":{"line":207,"column":18}},"90":{"start":{"line":208,"column":4},"end":{"line":208,"column":20}},"91":{"start":{"line":209,"column":4},"end":{"line":209,"column":20}},"92":{"start":{"line":210,"column":4},"end":{"line":212,"column":5}},"93":{"start":{"line":211,"column":5},"end":{"line":211,"column":36}},"94":{"start":{"line":213,"column":4},"end":{"line":213,"column":13}},"95":{"start":{"line":216,"column":3},"end":{"line":225,"column":4}},"96":{"start":{"line":217,"column":4},"end":{"line":217,"column":28}},"97":{"start":{"line":218,"column":4},"end":{"line":218,"column":77}},"98":{"start":{"line":219,"column":4},"end":{"line":219,"column":20}},"99":{"start":{"line":220,"column":4},"end":{"line":220,"column":20}},"100":{"start":{"line":221,"column":4},"end":{"line":223,"column":5}},"101":{"start":{"line":222,"column":5},"end":{"line":222,"column":36}},"102":{"start":{"line":224,"column":4},"end":{"line":224,"column":13}},"103":{"start":{"line":227,"column":3},"end":{"line":235,"column":4}},"104":{"start":{"line":228,"column":4},"end":{"line":228,"column":28}},"105":{"start":{"line":229,"column":4},"end":{"line":229,"column":89}},"106":{"start":{"line":230,"column":4},"end":{"line":230,"column":20}},"107":{"start":{"line":231,"column":4},"end":{"line":233,"column":5}},"108":{"start":{"line":232,"column":5},"end":{"line":232,"column":36}},"109":{"start":{"line":234,"column":4},"end":{"line":234,"column":13}},"110":{"start":{"line":237,"column":3},"end":{"line":244,"column":4}},"111":{"start":{"line":238,"column":4},"end":{"line":238,"column":28}},"112":{"start":{"line":239,"column":4},"end":{"line":239,"column":84}},"113":{"start":{"line":240,"column":4},"end":{"line":242,"column":5}},"114":{"start":{"line":241,"column":5},"end":{"line":241,"column":36}},"115":{"start":{"line":243,"column":4},"end":{"line":243,"column":13}},"116":{"start":{"line":246,"column":3},"end":{"line":246,"column":9}},"117":{"start":{"line":249,"column":2},"end":{"line":249,"column":14}},"118":{"start":{"line":256,"column":2},"end":{"line":256,"column":29}},"119":{"start":{"line":257,"column":2},"end":{"line":258,"column":23}},"120":{"start":{"line":258,"column":3},"end":{"line":258,"column":23}},"121":{"start":{"line":260,"column":2},"end":{"line":260,"column":17}},"122":{"start":{"line":267,"column":2},"end":{"line":267,"column":37}},"123":{"start":{"line":267,"column":26},"end":{"line":267,"column":37}},"124":{"start":{"line":269,"column":2},"end":{"line":269,"column":15}},"125":{"start":{"line":270,"column":2},"end":{"line":272,"column":3}},"126":{"start":{"line":271,"column":3},"end":{"line":271,"column":18}},"127":{"start":{"line":274,"column":2},"end":{"line":274,"column":23}},"128":{"start":{"line":278,"column":2},"end":{"line":278,"column":64}},"129":{"start":{"line":280,"column":2},"end":{"line":282,"column":3}},"130":{"start":{"line":281,"column":3},"end":{"line":281,"column":40}},"131":{"start":{"line":281,"column":27},"end":{"line":281,"column":40}},"132":{"start":{"line":284,"column":2},"end":{"line":284,"column":14}},"133":{"start":{"line":289,"column":2},"end":{"line":301,"column":25}},"134":{"start":{"line":291,"column":3},"end":{"line":291,"column":31}},"135":{"start":{"line":293,"column":3},"end":{"line":295,"column":4}},"136":{"start":{"line":294,"column":4},"end":{"line":294,"column":26}},"137":{"start":{"line":297,"column":3},"end":{"line":297,"column":46}},"138":{"start":{"line":303,"column":2},"end":{"line":309,"column":3}},"139":{"start":{"line":307,"column":3},"end":{"line":307,"column":70}},"140":{"start":{"line":308,"column":3},"end":{"line":308,"column":64}},"141":{"start":{"line":313,"column":2},"end":{"line":317,"column":24}},"142":{"start":{"line":320,"column":2},"end":{"line":320,"column":49}},"143":{"start":{"line":323,"column":2},"end":{"line":323,"column":35}},"144":{"start":{"line":325,"column":2},"end":{"line":346,"column":3}},"145":{"start":{"line":326,"column":3},"end":{"line":345,"column":4}},"146":{"start":{"line":327,"column":4},"end":{"line":342,"column":7}},"147":{"start":{"line":328,"column":5},"end":{"line":328,"column":32}},"148":{"start":{"line":330,"column":5},"end":{"line":330,"column":62}},"149":{"start":{"line":333,"column":5},"end":{"line":333,"column":63}},"150":{"start":{"line":336,"column":5},"end":{"line":336,"column":21}},"151":{"start":{"line":338,"column":5},"end":{"line":341,"column":32}},"152":{"start":{"line":339,"column":6},"end":{"line":339,"column":29}},"153":{"start":{"line":340,"column":6},"end":{"line":340,"column":22}},"154":{"start":{"line":344,"column":4},"end":{"line":344,"column":62}},"155":{"start":{"line":350,"column":0},"end":{"line":371,"column":1}},"156":{"start":{"line":351,"column":1},"end":{"line":351,"column":19}},"157":{"start":{"line":352,"column":1},"end":{"line":368,"column":2}},"158":{"start":{"line":354,"column":3},"end":{"line":354,"column":25}},"159":{"start":{"line":355,"column":3},"end":{"line":355,"column":26}},"160":{"start":{"line":357,"column":3},"end":{"line":357,"column":46}},"161":{"start":{"line":358,"column":3},"end":{"line":358,"column":9}},"162":{"start":{"line":360,"column":3},"end":{"line":360,"column":32}},"163":{"start":{"line":361,"column":3},"end":{"line":366,"column":4}},"164":{"start":{"line":362,"column":4},"end":{"line":362,"column":20}},"165":{"start":{"line":363,"column":4},"end":{"line":363,"column":30}},"166":{"start":{"line":365,"column":4},"end":{"line":365,"column":56}},"167":{"start":{"line":367,"column":3},"end":{"line":367,"column":9}},"168":{"start":{"line":370,"column":1},"end":{"line":370,"column":11}},"169":{"start":{"line":373,"column":0},"end":{"line":397,"column":1}},"170":{"start":{"line":374,"column":1},"end":{"line":374,"column":26}},"171":{"start":{"line":375,"column":1},"end":{"line":384,"column":2}},"172":{"start":{"line":377,"column":2},"end":{"line":377,"column":27}},"173":{"start":{"line":378,"column":2},"end":{"line":378,"column":35}},"174":{"start":{"line":379,"column":2},"end":{"line":379,"column":29}},"175":{"start":{"line":380,"column":2},"end":{"line":380,"column":70}},"176":{"start":{"line":381,"column":2},"end":{"line":381,"column":31}},"177":{"start":{"line":382,"column":2},"end":{"line":382,"column":33}},"178":{"start":{"line":383,"column":2},"end":{"line":383,"column":32}},"179":{"start":{"line":386,"column":1},"end":{"line":386,"column":34}},"180":{"start":{"line":387,"column":1},"end":{"line":387,"column":22}},"181":{"start":{"line":388,"column":1},"end":{"line":388,"column":48}},"182":{"start":{"line":389,"column":1},"end":{"line":389,"column":51}},"183":{"start":{"line":391,"column":1},"end":{"line":391,"column":50}},"184":{"start":{"line":393,"column":1},"end":{"line":393,"column":38}},"185":{"start":{"line":393,"column":16},"end":{"line":393,"column":38}},"186":{"start":{"line":394,"column":1},"end":{"line":394,"column":32}},"187":{"start":{"line":394,"column":15},"end":{"line":394,"column":32}},"188":{"start":{"line":396,"column":1},"end":{"line":396,"column":13}},"189":{"start":{"line":399,"column":0},"end":{"line":401,"column":1}},"190":{"start":{"line":400,"column":1},"end":{"line":400,"column":67}},"191":{"start":{"line":400,"column":36},"end":{"line":400,"column":67}},"192":{"start":{"line":402,"column":0},"end":{"line":402,"column":44}},"193":{"start":{"line":404,"column":0},"end":{"line":408,"column":1}},"194":{"start":{"line":405,"column":1},"end":{"line":405,"column":95}},"195":{"start":{"line":405,"column":34},"end":{"line":405,"column":95}},"196":{"start":{"line":406,"column":1},"end":{"line":406,"column":13}},"197":{"start":{"line":407,"column":1},"end":{"line":407,"column":22}},"198":{"start":{"line":410,"column":0},"end":{"line":412,"column":1}},"199":{"start":{"line":411,"column":1},"end":{"line":411,"column":31}},"200":{"start":{"line":414,"column":0},"end":{"line":417,"column":1}},"201":{"start":{"line":415,"column":1},"end":{"line":416,"column":57}},"202":{"start":{"line":416,"column":2},"end":{"line":416,"column":57}},"203":{"start":{"line":418,"column":0},"end":{"line":418,"column":42}},"204":{"start":{"line":420,"column":0},"end":{"line":422,"column":1}},"205":{"start":{"line":421,"column":1},"end":{"line":421,"column":32}},"206":{"start":{"line":424,"column":0},"end":{"line":501,"column":1}},"207":{"start":{"line":425,"column":1},"end":{"line":425,"column":26}},"208":{"start":{"line":425,"column":19},"end":{"line":425,"column":26}},"209":{"start":{"line":427,"column":1},"end":{"line":427,"column":27}},"210":{"start":{"line":428,"column":1},"end":{"line":428,"column":17}},"211":{"start":{"line":429,"column":1},"end":{"line":429,"column":42}},"212":{"start":{"line":430,"column":1},"end":{"line":430,"column":19}},"213":{"start":{"line":431,"column":1},"end":{"line":431,"column":15}},"214":{"start":{"line":433,"column":1},"end":{"line":433,"column":49}},"215":{"start":{"line":433,"column":29},"end":{"line":433,"column":49}},"216":{"start":{"line":435,"column":1},"end":{"line":438,"column":2}},"217":{"start":{"line":436,"column":2},"end":{"line":436,"column":25}},"218":{"start":{"line":437,"column":2},"end":{"line":437,"column":55}},"219":{"start":{"line":443,"column":1},"end":{"line":485,"column":2}},"220":{"start":{"line":444,"column":2},"end":{"line":444,"column":46}},"221":{"start":{"line":446,"column":2},"end":{"line":454,"column":3}},"222":{"start":{"line":447,"column":3},"end":{"line":447,"column":47}},"223":{"start":{"line":449,"column":3},"end":{"line":451,"column":4}},"224":{"start":{"line":450,"column":4},"end":{"line":450,"column":22}},"225":{"start":{"line":453,"column":3},"end":{"line":453,"column":27}},"226":{"start":{"line":461,"column":2},"end":{"line":461,"column":34}},"227":{"start":{"line":462,"column":2},"end":{"line":484,"column":3}},"228":{"start":{"line":463,"column":3},"end":{"line":469,"column":4}},"229":{"start":{"line":464,"column":4},"end":{"line":464,"column":26}},"230":{"start":{"line":465,"column":4},"end":{"line":465,"column":23}},"231":{"start":{"line":467,"column":4},"end":{"line":467,"column":24}},"232":{"start":{"line":468,"column":4},"end":{"line":468,"column":18}},"233":{"start":{"line":471,"column":3},"end":{"line":471,"column":24}},"234":{"start":{"line":476,"column":3},"end":{"line":476,"column":24}},"235":{"start":{"line":479,"column":3},"end":{"line":479,"column":37}},"236":{"start":{"line":479,"column":24},"end":{"line":479,"column":37}},"237":{"start":{"line":481,"column":3},"end":{"line":481,"column":21}},"238":{"start":{"line":487,"column":1},"end":{"line":500,"column":2}},"239":{"start":{"line":488,"column":2},"end":{"line":488,"column":22}},"240":{"start":{"line":492,"column":2},"end":{"line":495,"column":3}},"241":{"start":{"line":493,"column":3},"end":{"line":493,"column":34}},"242":{"start":{"line":494,"column":3},"end":{"line":494,"column":22}},"243":{"start":{"line":497,"column":2},"end":{"line":497,"column":23}},"244":{"start":{"line":499,"column":2},"end":{"line":499,"column":14}},"245":{"start":{"line":503,"column":0},"end":{"line":503,"column":32}},"246":{"start":{"line":505,"column":0},"end":{"line":507,"column":2}},"247":{"start":{"line":506,"column":1},"end":{"line":506,"column":27}},"248":{"start":{"line":512,"column":0},"end":{"line":517,"column":1}},"249":{"start":{"line":513,"column":1},"end":{"line":514,"column":30}},"250":{"start":{"line":514,"column":2},"end":{"line":514,"column":30}},"251":{"start":{"line":515,"column":1},"end":{"line":515,"column":22}},"252":{"start":{"line":516,"column":1},"end":{"line":516,"column":61}},"253":{"start":{"line":516,"column":43},"end":{"line":516,"column":61}},"254":{"start":{"line":519,"column":0},"end":{"line":521,"column":1}},"255":{"start":{"line":520,"column":1},"end":{"line":520,"column":50}},"256":{"start":{"line":523,"column":0},"end":{"line":525,"column":1}},"257":{"start":{"line":524,"column":1},"end":{"line":524,"column":41}},"258":{"start":{"line":527,"column":0},"end":{"line":529,"column":1}},"259":{"start":{"line":528,"column":1},"end":{"line":528,"column":40}},"260":{"start":{"line":531,"column":0},"end":{"line":533,"column":1}},"261":{"start":{"line":532,"column":1},"end":{"line":532,"column":44}},"262":{"start":{"line":535,"column":0},"end":{"line":535,"column":26}},"263":{"start":{"line":536,"column":0},"end":{"line":536,"column":28}},"264":{"start":{"line":538,"column":0},"end":{"line":538,"column":15}}},"branchMap":{"1":{"line":2,"type":"if","locations":[{"start":{"line":2,"column":1},"end":{"line":2,"column":1}},{"start":{"line":2,"column":1},"end":{"line":2,"column":1}}]},"2":{"line":2,"type":"binary-expr","locations":[{"start":{"line":2,"column":5},"end":{"line":2,"column":33}},{"start":{"line":2,"column":37},"end":{"line":2,"column":47}}]},"3":{"line":4,"type":"if","locations":[{"start":{"line":4,"column":8},"end":{"line":4,"column":8}},{"start":{"line":4,"column":8},"end":{"line":4,"column":8}}]},"4":{"line":13,"type":"binary-expr","locations":[{"start":{"line":13,"column":10},"end":{"line":13,"column":23}},{"start":{"line":13,"column":27},"end":{"line":13,"column":46}}]},"5":{"line":18,"type":"if","locations":[{"start":{"line":18,"column":1},"end":{"line":18,"column":1}},{"start":{"line":18,"column":1},"end":{"line":18,"column":1}}]},"6":{"line":19,"type":"if","locations":[{"start":{"line":19,"column":2},"end":{"line":19,"column":2}},{"start":{"line":19,"column":2},"end":{"line":19,"column":2}}]},"7":{"line":31,"type":"if","locations":[{"start":{"line":31,"column":1},"end":{"line":31,"column":1}},{"start":{"line":31,"column":1},"end":{"line":31,"column":1}}]},"8":{"line":96,"type":"if","locations":[{"start":{"line":96,"column":4},"end":{"line":96,"column":4}},{"start":{"line":96,"column":4},"end":{"line":96,"column":4}}]},"9":{"line":100,"type":"if","locations":[{"start":{"line":100,"column":3},"end":{"line":100,"column":3}},{"start":{"line":100,"column":3},"end":{"line":100,"column":3}}]},"10":{"line":110,"type":"cond-expr","locations":[{"start":{"line":110,"column":29},"end":{"line":110,"column":40}},{"start":{"line":110,"column":43},"end":{"line":110,"column":51}}]},"11":{"line":112,"type":"if","locations":[{"start":{"line":112,"column":2},"end":{"line":112,"column":2}},{"start":{"line":112,"column":2},"end":{"line":112,"column":2}}]},"12":{"line":115,"type":"if","locations":[{"start":{"line":115,"column":2},"end":{"line":115,"column":2}},{"start":{"line":115,"column":2},"end":{"line":115,"column":2}}]},"13":{"line":124,"type":"if","locations":[{"start":{"line":124,"column":2},"end":{"line":124,"column":2}},{"start":{"line":124,"column":2},"end":{"line":124,"column":2}}]},"14":{"line":124,"type":"binary-expr","locations":[{"start":{"line":124,"column":7},"end":{"line":124,"column":16}},{"start":{"line":124,"column":21},"end":{"line":124,"column":30}},{"start":{"line":124,"column":34},"end":{"line":124,"column":78}}]},"15":{"line":130,"type":"if","locations":[{"start":{"line":130,"column":2},"end":{"line":130,"column":2}},{"start":{"line":130,"column":2},"end":{"line":130,"column":2}}]},"16":{"line":130,"type":"binary-expr","locations":[{"start":{"line":130,"column":5},"end":{"line":130,"column":13}},{"start":{"line":130,"column":17},"end":{"line":130,"column":22}}]},"17":{"line":140,"type":"if","locations":[{"start":{"line":140,"column":4},"end":{"line":140,"column":4}},{"start":{"line":140,"column":4},"end":{"line":140,"column":4}}]},"18":{"line":175,"type":"if","locations":[{"start":{"line":175,"column":2},"end":{"line":175,"column":2}},{"start":{"line":175,"column":2},"end":{"line":175,"column":2}}]},"19":{"line":179,"type":"if","locations":[{"start":{"line":179,"column":2},"end":{"line":179,"column":2}},{"start":{"line":179,"column":2},"end":{"line":179,"column":2}}]},"20":{"line":179,"type":"binary-expr","locations":[{"start":{"line":179,"column":6},"end":{"line":179,"column":19}},{"start":{"line":179,"column":23},"end":{"line":179,"column":41}}]},"21":{"line":181,"type":"if","locations":[{"start":{"line":181,"column":2},"end":{"line":181,"column":2}},{"start":{"line":181,"column":2},"end":{"line":181,"column":2}}]},"22":{"line":188,"type":"if","locations":[{"start":{"line":188,"column":3},"end":{"line":188,"column":3}},{"start":{"line":188,"column":3},"end":{"line":188,"column":3}}]},"23":{"line":197,"type":"if","locations":[{"start":{"line":197,"column":3},"end":{"line":197,"column":3}},{"start":{"line":197,"column":3},"end":{"line":197,"column":3}}]},"24":{"line":205,"type":"if","locations":[{"start":{"line":205,"column":3},"end":{"line":205,"column":3}},{"start":{"line":205,"column":3},"end":{"line":205,"column":3}}]},"25":{"line":210,"type":"if","locations":[{"start":{"line":210,"column":4},"end":{"line":210,"column":4}},{"start":{"line":210,"column":4},"end":{"line":210,"column":4}}]},"26":{"line":216,"type":"if","locations":[{"start":{"line":216,"column":3},"end":{"line":216,"column":3}},{"start":{"line":216,"column":3},"end":{"line":216,"column":3}}]},"27":{"line":218,"type":"cond-expr","locations":[{"start":{"line":218,"column":55},"end":{"line":218,"column":56}},{"start":{"line":218,"column":59},"end":{"line":218,"column":75}}]},"28":{"line":218,"type":"binary-expr","locations":[{"start":{"line":218,"column":15},"end":{"line":218,"column":33}},{"start":{"line":218,"column":37},"end":{"line":218,"column":52}}]},"29":{"line":221,"type":"if","locations":[{"start":{"line":221,"column":4},"end":{"line":221,"column":4}},{"start":{"line":221,"column":4},"end":{"line":221,"column":4}}]},"30":{"line":227,"type":"if","locations":[{"start":{"line":227,"column":3},"end":{"line":227,"column":3}},{"start":{"line":227,"column":3},"end":{"line":227,"column":3}}]},"31":{"line":229,"type":"cond-expr","locations":[{"start":{"line":229,"column":65},"end":{"line":229,"column":66}},{"start":{"line":229,"column":69},"end":{"line":229,"column":87}}]},"32":{"line":229,"t
[...]
art":{"line":360,"column":13},"end":{"line":360,"column":16}},{"start":{"line":360,"column":20},"end":{"line":360,"column":31}}]},"47":{"line":361,"type":"if","locations":[{"start":{"line":361,"column":3},"end":{"line":361,"column":3}},{"start":{"line":361,"column":3},"end":{"line":361,"column":3}}]},"48":{"line":375,"type":"if","locations":[{"start":{"line":375,"column":1},"end":{"line":375,"column":1}},{"start":{"line":375,"column":1},"end":{"line":375,"column":1}}]},"49":{"line":375,"type":"binary-expr","locations":[{"start":{"line":375,"column":5},"end":{"line":375,"column":32}},{"start":{"line":375,"column":36},"end":{"line":375,"column":57}}]},"50":{"line":380,"type":"binary-expr","locations":[{"start":{"line":380,"column":13},"end":{"line":380,"column":27}},{"start":{"line":380,"column":31},"end":{"line":380,"column":48}},{"start":{"line":380,"column":52},"end":{"line":380,"column":69}}]},"51":{"line":386,"type":"binary-expr","locations":[{"start":{"line":386,"column":17},"end":{"line":386,"column":24}},{"start":{"line":386,"column":28},"end":{"line":386,"column":32}}]},"52":{"line":393,"type":"if","locations":[{"start":{"line":393,"column":1},"end":{"line":393,"column":1}},{"start":{"line":393,"column":1},"end":{"line":393,"column":1}}]},"53":{"line":394,"type":"if","locations":[{"start":{"line":394,"column":1},"end":{"line":394,"column":1}},{"start":{"line":394,"column":1},"end":{"line":394,"column":1}}]},"54":{"line":400,"type":"if","locations":[{"start":{"line":400,"column":1},"end":{"line":400,"column":1}},{"start":{"line":400,"column":1},"end":{"line":400,"column":1}}]},"55":{"line":405,"type":"if","locations":[{"start":{"line":405,"column":1},"end":{"line":405,"column":1}},{"start":{"line":405,"column":1},"end":{"line":405,"column":1}}]},"56":{"line":425,"type":"if","locations":[{"start":{"line":425,"column":1},"end":{"line":425,"column":1}},{"start":{"line":425,"column":1},"end":{"line":425,"column":1}}]},"57":{"line":433,"type":"if","locations":[{"start":{"line":433,"column":1},"end":{"line":433,"column":1}},{"start":{"line":433,"column":1},"end":{"line":433,"column":1}}]},"58":{"line":446,"type":"if","locations":[{"start":{"line":446,"column":2},"end":{"line":446,"column":2}},{"start":{"line":446,"column":2},"end":{"line":446,"column":2}}]},"59":{"line":449,"type":"if","locations":[{"start":{"line":449,"column":3},"end":{"line":449,"column":3}},{"start":{"line":449,"column":3},"end":{"line":449,"column":3}}]},"60":{"line":462,"type":"if","locations":[{"start":{"line":462,"column":2},"end":{"line":462,"column":2}},{"start":{"line":462,"column":2},"end":{"line":462,"column":2}}]},"61":{"line":463,"type":"if","locations":[{"start":{"line":463,"column":3},"end":{"line":463,"column":3}},{"start":{"line":463,"column":3},"end":{"line":463,"column":3}}]},"62":{"line":479,"type":"if","locations":[{"start":{"line":479,"column":3},"end":{"line":479,"column":3}},{"start":{"line":479,"column":3},"end":{"line":479,"column":3}}]},"63":{"line":487,"type":"if","locations":[{"start":{"line":487,"column":1},"end":{"line":487,"column":1}},{"start":{"line":487,"column":1},"end":{"line":487,"column":1}}]},"64":{"line":492,"type":"if","locations":[{"start":{"line":492,"column":2},"end":{"line":492,"column":2}},{"start":{"line":492,"column":2},"end":{"line":492,"column":2}}]},"65":{"line":513,"type":"if","locations":[{"start":{"line":513,"column":1},"end":{"line":513,"column":1}},{"start":{"line":513,"column":1},"end":{"line":513,"column":1}}]},"66":{"line":516,"type":"if","locations":[{"start":{"line":516,"column":1},"end":{"line":516,"column":1}},{"start":{"line":516,"column":1},"end":{"line":516,"column":1}}]}},"code":["(function (root, factory) {","\tif (typeof define === 'function' && define.amd) {","\t\tdefine(['moment-timezone'], factory);","\t} else if (typeof exports === 'object') {","\t\tmodule.exports = factory(require('moment-timezone'), require('child_process'));","\t} else {","\t\troot.Cron = factory(root.moment);","\t}","}(this, function (moment, child_process) {","","var exports = {},","\t\ttimeUnits = ['second', 'minute', 'hour', 'dayOfMonth', 'month', 'dayOfWeek'],","\t\tspawn = child_process && child_process.spawn;","","function CronTime(source, zone) {","\tthis.source = source;","","\tif (zone) {","\t\tif (moment.tz.names().indexOf(zone) === -1) {","\t\t\tthrow new Error('Invalid timezone.');","\t\t}","","\t\tthis.zone = zone;","\t}","","\tvar that = this;","\ttimeUnits.map(function(timeUnit){","\t\tthat[timeUnit] = {};","\t});","","\tif (this.source instanceof Date) {","\t\tthis.source = moment(this.source);","\t\tthis.realDate = true;","\t} else {","\t\tthis._parse();","\t\tthis._verifyParse();","\t}","}","","CronTime.constraints = [","\t\t[0, 59],","\t\t[0, 59],","\t\t[0, 23],","\t\t[1, 31],","\t\t[0, 11],","\t\t[0, 6]","\t];","\tCronTime.monthConstraints = [","\t\t31,","\t\t29, //support leap year...not perfect","\t\t31,","\t\t30,","\t\t31,","\t\t30,","\t\t31,","\t\t31,","\t\t30,","\t\t31,","\t\t30,","\t\t31","\t];","\tCronTime.parseDefaults = ['0', '*', '*', '*', '*', '*'];","\tCronTime.aliases = {","\t\tjan: 0,","\t\tfeb: 1,","\t\tmar: 2,","\t\tapr: 3,","\t\tmay: 4,","\t\tjun: 5,","\t\tjul: 6,","\t\taug: 7,","\t\tsep: 8,","\t\toct: 9,","\t\tnov: 10,","\t\tdec: 11,","\t\tsun: 0,","\t\tmon: 1,","\t\ttue: 2,","\t\twed: 3,","\t\tthu: 4,","\t\tfri: 5,","\t\tsat: 6","\t};","","","CronTime.prototype = {","\t_verifyParse: function() {","\t\tvar months = Object.keys(this.month);","\t\tfor (var i = 0; i < months.length; i++) {","\t\t\tvar m = months[i];","\t\t\tvar con = CronTime.monthConstraints[parseInt(m, 10)];","\t\t\tvar ok = false;","\t\t\tvar dsom = Object.keys(this.dayOfMonth);","\t\t\tfor (var j = 0; j < dsom.length; j++) {","\t\t\t\tvar dom = dsom[j];","\t\t\t\tif (dom <= con)","\t\t\t\t\tok = true;","\t\t\t}","","\t\t\tif (!ok) {","\t\t\t\tconsole.warn('Month \\'' + m + '\\' is limited to \\'' + con + '\\' days.');","\t\t\t}","\t\t}","\t},","","\t/**","\t * calculates the next send time","\t */","\tsendAt: function(i) {","\t\tvar date = this.realDate ? this.source : moment();","\t\t// Set the timezone if given (http://momentjs.com/timezone/docs/#/using-timezones/parsing-in-zone/)","\t\tif (this.zone)","\t\t\tdate = date.tz(this.zone);","","\t\tif (this.realDate)","\t\t\treturn date;","","\t\t//add 1 second so next time isn't now (can cause timeout to be 0 or negative number)","\t\tvar now = new Date();","\t\tvar targetSecond = date.seconds();","\t\tvar diff = Math.abs(targetSecond - now.getSeconds())","\t\t// there was a problem when `date` is 1424777177999 and `now` is 1424777178000","\t\t// 1 ms diff but this is another second...","\t\tif ( diff == 0 || (diff == 1 && now.getMilliseconds() <= date.milliseconds() ) ) {","\t\t\t//console.log('add 1 second?');","\t\t\tdate = date.add(1, 's');","\t\t}","","\t\t//If the i argument is not given, return the next send time","\t\tif(isNaN(i) || i < 0){","\t\t\tdate = this._getNextDateFrom(date);","\t\t\treturn date;","\t\t}","\t\t//Else return the next i send times","\t\telse{","\t\t\tvar dates = [];","\t\t\tfor(;i>0;i--){","\t\t\t\tdate = this._getNextDateFrom(date);","\t\t\t\tdates.push(moment(date));","\t\t\t\tif(i>1) date.add(1,'s');","\t\t\t}","\t\t\treturn dates;","\t\t}","\t},","","\t/**","\t * Get the number of milliseconds in the future at which to fire our callbacks.","\t */","\tgetTimeout: function() {","\t\treturn Math.max(-1, this.sendAt() - moment());","\t},","","\t/**","\t * writes out a cron string","\t */","\ttoString: function() {","\t\treturn this.toJSON().join(' ');","\t},","","\t/**","\t * Json representation of the parsed cron syntax.","\t */","\ttoJSON: function() {","\t\tvar self = this;","\t\treturn timeUnits.map(function(timeName){","\t\t\treturn self._wcOrAll(timeName);","\t\t});","\t},","","\t/**","\t * get next date that matches parsed cron time","\t */","\t_getNextDateFrom: function(start) {","\t\tvar date = moment(start);","\t\tif (date.toString() == 'Invalid date') {","\t\t\tconsole.log('ERROR: You specified an invalid date.');","\t\t\treturn date;","\t\t}","\t\tif (this.realDate && start < new Date())","\t\t\tconsole.log('WARNING: Date in past. Will never be fired.');","\t\tif (this.realDate) return date;","","\t\t//sanity check","\t\twhile (true) {","\t\t\tvar diff = date - start,","\t\t\t\torigDate = new Date(date);","","\t\t\tif (!(date.month() in this.month)) {","\t\t\t\tdate.add(1, 'M');","\t\t\t\tdate.date(1);","\t\t\t\tdate.hours(0);","\t\t\t\tdate.minutes(0);","\t\t\t\tdate.seconds(0);","\t\t\t\tcontinue;","\t\t\t}","","\t\t\tif (!(date.date() in this.dayOfMonth)) {","\t\t\t\tdate.add(1, 'd');","\t\t\t\tdate.hours(0);","\t\t\t\tdate.minutes(0);","\t\t\t\tdate.seconds(0);","\t\t\t\tcontinue;","\t\t\t}","","\t\t\tif (!(date.day() in this.dayOfWeek)) {","\t\t\t\tdate.add(1, 'd');","\t\t\t\tdate.hours(0);","\t\t\t\tdate.minutes(0);","\t\t\t\tdate.seconds(0);","\t\t\t\tif (date <= origDate) {","\t\t\t\t\tdate = this._findDST(origDate);","\t\t\t\t}","\t\t\t\tcontinue;","\t\t\t}","","\t\t\tif (!(date.hours() in this.hour)) {","\t\t\t\torigDate = moment(date);","\t\t\t\tdate.hours(date.hours() == 23 && diff > 86400000 ? 0 : date.hours() + 1);","\t\t\t\tdate.minutes(0);","\t\t\t\tdate.seconds(0);","\t\t\t\tif (date <= origDate) {","\t\t\t\t\tdate = this._findDST(origDate);","\t\t\t\t}","\t\t\t\tcontinue;","\t\t\t}","","\t\t\tif (!(date.minutes() in this.minute)) {","\t\t\t\torigDate = moment(date);","\t\t\t\tdate.minutes(date.minutes() == 59 && diff > 60 * 60 * 1000 ? 0 : date.minutes() + 1);","\t\t\t\tdate.seconds(0);","\t\t\t\tif (date <= origDate) {","\t\t\t\t\tdate = this._findDST(origDate);","\t\t\t\t}","\t\t\t\tcontinue;","\t\t\t}","","\t\t\tif (!(date.seconds() in this.second)) {","\t\t\t\torigDate = moment(date);","\t\t\t\tdate.seconds(date.seconds() == 59 && diff > 60 * 1000 ? 0 : date.seconds() + 1);","\t\t\t\tif (date <= origDate) {","\t\t\t\t\tdate = this._findDST(origDate);","\t\t\t\t}","\t\t\t\tcontinue;","\t\t\t}","","\t\t\tbreak;","\t\t}","","\t\treturn date;","\t},","","\t/**","\t * get next date that is a valid DST date","\t */","\t_findDST: function(date) {","\t\tvar newDate = moment(date);","\t\twhile (newDate <= date)","\t\t\tnewDate.add(1, 's');","","\t\treturn newDate;","\t},","","\t/**","\t * wildcard, or all params in array (for to string)","\t */","\t_wcOrAll: function(type) {","\t\tif (this._hasAll(type)) return '*';","","\t\tvar all = [];","\t\tfor (var time in this[type]) {","\t\t\tall.push(time);","\t\t}","","\t\treturn all.join(',');","\t},","","\t_hasAll: function(type) {","\t\tvar constrain = CronTime.constraints[timeUnits.indexOf(type)];","","\t\tfor (var i = constrain[0], n = constrain[1]; i < n; i++) {","\t\t\tif (!(i in this[type])) return false;","\t\t}","","\t\treturn true;","\t},","","","\t_parse: function() {","\t\tvar aliases = CronTime.aliases,","\t\tsource = this.source.replace(/[a-z]{1,3}/ig, function(alias) {","\t\t\talias = alias.toLowerCase();","","\t\t\tif (alias in aliases) {","\t\t\t\treturn aliases[alias];","\t\t\t}","","\t\t\tthrow new Error('Unknown alias: ' + alias);","\t\t}),","\t\tsplit = source.replace(/^\\s\\s*|\\s\\s*$/g, '').split(/\\s+/),","\t\tcur, i = 0,","\t\tlen = timeUnits.length;","","\t\tfor (; i < timeUnits.length; i++) {","\t\t\t// If the split source string doesn't contain all digits,","\t\t\t// assume defaults for first n missing digits.","\t\t\t// This adds support for 5-digit standard cron syntax","\t\t\tcur = split[i - (len - split.length)] || CronTime.parseDefaults[i];","\t\t\tthis._parseField(cur, timeUnits[i], CronTime.constraints[i]);","\t\t}","\t},","","\t_parseField: function(field, type, constraints) {","\t\tvar rangePattern = /^(\\d+)(?:-(\\d+))?(?:\\/(\\d+))?$/g,","\t\ttypeObj = this[type],","\t\tpointer,","\t\tlow = constraints[0],","\t\thigh = constraints[1];","","\t\t// * is a shortcut to [lower-upper] range","\t\tfield = field.replace(/\\*/g, low + '-' + high);","","\t\t//commas separate information, so split based on those","\t\tvar allRanges = field.split(',');","","\t\tfor (var i = 0; i < allRanges.length; i++) {","\t\t\tif (allRanges[i].match(rangePattern)) {","\t\t\t\tallRanges[i].replace(rangePattern, function($0, lower, upper, step) {","\t\t\t\t\tstep = parseInt(step) || 1;","\t\t\t\t\t// Positive integer higher than constraints[0]","\t\t\t\t\tlower = Math.min(Math.max(low, ~~Math.abs(lower)), high);","","\t\t\t\t\t// Positive integer lower than constraints[1]","\t\t\t\t\tupper = upper ? Math.min(high, ~~Math.abs(upper)) : lower;","","\t\t\t\t\t// Count from the lower barrier to the upper","\t\t\t\t\tpointer = lower;","","\t\t\t\t\tdo {","\t\t\t\t\t\ttypeObj[pointer] = true","\t\t\t\t\t\tpointer += step;","\t\t\t\t\t} while (pointer <= upper);","\t\t\t\t});","\t\t\t} else {","\t\t\t\tthrow new Error('Field (' + field + ') cannot be parsed');","\t\t\t}","\t\t}","\t}","};","","function command2function(cmd) {","\tvar command, args;","\tswitch (typeof cmd) {","\t\tcase 'string':","\t\t\targs = cmd.split(' ');","\t\t\tcommand = args.shift();","","\t\t\tcmd = spawn.bind(undefined, command, args);","\t\t\tbreak;","\t\tcase 'object':","\t\t\tcommand = cmd && cmd.command;","\t\t\tif (command) {","\t\t\t\targs = cmd.args;","\t\t\t\tvar options = cmd.options;","","\t\t\t\tcmd = spawn.bind(undefined, command, args, options);","\t\t\t}","\t\t\tbreak;","\t}","","\treturn cmd","}","","function CronJob(cronTime, onTick, onComplete, startNow, timeZone, context, runOnInit) {","\tvar _cronTime = cronTime;","\tif (typeof cronTime != 'string' && arguments.length == 1) {","\t\t//crontime is an object...","\t\tonTick = cronTime.onTick;","\t\tonComplete = cronTime.onComplete;","\t\tcontext = cronTime.context;","\t\tstartNow = cronTime.start || cronTime.startNow || cronTime.startJob;","\t\ttimeZone = cronTime.timeZone;","\t\trunOnInit = cronTime.runOnInit;","\t\t_cronTime = cronTime.cronTime;","\t}","","\tthis.context = (context || this);","\tthis._callbacks = [];","\tthis.onComplete = command2function(onComplete);","\tthis.cronTime = new CronTime(_cronTime, timeZone);","","\taddCallback.call(this, command2function(onTick));","","\tif (runOnInit) fireOnTick.call(this);","\tif (startNow) start.call(this);","","\treturn this;","}","","var addCallback = function(callback) {","\tif (typeof callback == 'function') this._callbacks.push(callback);","}","CronJob.prototype.addCallback = addCallback;","","CronJob.prototype.setTime = function(time) {","\tif (!(time instanceof CronTime)) throw new Error('\\'time\\' must be an instance of CronTime.');","\tthis.stop();","\tthis.cronTime = time;","}","","CronJob.prototype.nextDate = function() {","\treturn this.cronTime.sendAt();","}","","var fireOnTick = function() {","\tfor (var i = (this._callbacks.length - 1); i >= 0; i--)","\t\tthis._callbacks[i].call(this.context, this.onComplete);","}","CronJob.prototype.fireOnTick = fireOnTick;","","CronJob.prototype.nextDates = function(i) {","\treturn this.cronTime.sendAt(i);","}","","var start = function() {","\tif (this.running) return;","","\tvar MAXDELAY = 2147483647; // The maximum number of milliseconds setTimeout will wait.","\tvar self = this;","\tvar timeout = this.cronTime.getTimeout();","\tvar remaining = 0;","\tvar startTime;","","\tif (this.cronTime.realDate) this.runOnce = true;","","\tfunction _setTimeout(timeout) {","\t\tstartTime = Date.now();","\t\tself._timeout = setTimeout(callbackWrapper, timeout);","\t}","","\t// The callback wrapper checks if it needs to sleep another period or not","\t// and does the real callback logic when it's time.","","\tfunction callbackWrapper() {","\t\tvar diff = startTime + timeout - Date.now();","","\t\tif (diff > 0) {","\t\t\tvar newTimeout = self.cronTime.getTimeout();","","\t\t\tif (newTimeout > diff) {","\t\t\t\tnewTimeout = diff;","\t\t\t}","","\t\t\tremaining += newTimeout;","\t\t}","","\t\t// If there is sleep time remaining, calculate how long and go to sleep","\t\t// again. This processing might make us miss the deadline by a few ms","\t\t// times the number of sleep sessions. Given a MAXDELAY of almost a","\t\t// month, this should be no issue.","","\t\tself.lastExecution = new Date();","\t\tif (remaining) {","\t\t\tif (remaining > MAXDELAY) {","\t\t\t\tremaining -= MAXDELAY;","\t\t\t\ttimeout = MAXDELAY;","\t\t\t} else {","\t\t\t\ttimeout = remaining;","\t\t\t\tremaining = 0;","\t\t\t}","","\t\t\t_setTimeout(timeout);","\t\t} else {","","\t\t\t// We have arrived at the correct point in time.","","\t\t\tself.running = false;","","\t\t\t//start before calling back so the callbacks have the ability to stop the cron job","\t\t\tif (!(self.runOnce)) self.start();","","\t\t\tself.fireOnTick();","\t\t\t//for (var i = (self._callbacks.length - 1); i >= 0; i--)","\t\t\t\t//self._callbacks[i].call(self.context, self.onComplete);","\t\t}","\t}","","\tif (timeout >= 0) {","\t\tthis.running = true;","","\t\t// Don't try to sleep more than MAXDELAY ms at a time.","","\t\tif (timeout > MAXDELAY) {","\t\t\tremaining = timeout - MAXDELAY;","\t\t\ttimeout = MAXDELAY;","\t\t}","","\t\t_setTimeout(timeout);","\t} else {","\t\tthis.stop();","\t}","}","","CronJob.prototype.start = start;","","CronJob.prototype.lastDate = function(){","\treturn this.lastExecution;","};","","/**"," * Stop the cronjob."," */","CronJob.prototype.stop = function() {","\tif (this._timeout)","\t\tclearTimeout(this._timeout);","\tthis.running = false;","\tif (typeof this.onComplete == 'function') this.onComplete();","}","","exports.job = function(cronTime, onTick, onComplete) {","\treturn new CronJob(cronTime, onTick, onComplete);","}","","exports.time = function(cronTime, timeZone) {","\treturn new CronTime(cronTime, timeZone);","}","","exports.sendAt = function(cronTime) {","\treturn exports.time(cronTime).sendAt();","}","","exports.timeout = function(cronTime) {","\treturn exports.time(cronTime).getTimeout();","}","","exports.CronJob = CronJob;","exports.CronTime = CronTime;","","return exports;","","}));",""],"l":{"1":1,"2":1,"3":0,"4":1,"5":1,"7":0,"11":1,"15":1,"16":0,"18":0,"19":0,"20":0,"23":0,"26":0,"27":0,"28":0,"31":0,"32":0,"33":0,"35":0,"36":0,"40":1,"48":1,"62":1,"63":1,"86":1,"88":0,"89":0,"90":0,"91":0,"92":0,"93":0,"94":0,"95":0,"96":0,"97":0,"100":0,"101":0,"110":0,"112":0,"113":0,"115":0,"116":0,"119":0,"120":0,"121":0,"124":0,"126":0,"130":0,"131":0,"132":0,"136":0,"137":0,"138":0,"139":0,"140":0,"142":0,"150":0,"157":0,"164":0,"165":0,"166":0,"174":0,"175":0,"176":0,"177":0,"179":0,"180":0,"181":0,"184":0,"185":0,"188":0,"189":0,"190":0,"191":0,"192":0,"193":0,"194":0,"197":0,"198":0,"199":0,"200":0,"201":0,"202":0,"205":0,"206":0,"207":0,"208":0,"209":0,"210":0,"211":0,"213":0,"216":0,"217":0,"218":0,"219":0,"220":0,"221":0,"222":0,"224":0,"227":0,"228":0,"229":0,"230":0,"231":0,"232":0,"234":0,"237":0,"238":0,"239":0,"240":0,"241":0,"243":0,"246":0,"249":0,"256":0,"257":0,"258":0,"260":0,"267":0,"269":0,"270":0,"271":0,"274":0,"278":0,"280":0,"281":0,"284":0,"289":0,"291":0,"293":0,"294":0,"297":0,"303":0,"307":0,"308":0,"313":0,"320":0,"323":0,"325":0,"326":0,"327":0,"328":0,"330":0,"333":0,"336":0,"338":0,"339":0,"340":0,"344":0,"350":1,"351":0,"352":0,"354":0,"355":0,"357":0,"358":0,"360":0,"361":0,"362":0,"363":0,"365":0,"367":0,"370":0,"373":1,"374":0,"375":0,"377":0,"378":0,"379":0,"380":0,"381":0,"382":0,"383":0,"386":0,"387":0,"388":0,"389":0,"391":0,"393":0,"394":0,"396":0,"399":1,"400":0,"402":1,"404":1,"405":0,"406":0,"407":0,"410":1,"411":0,"414":1,"415":0,"416":0,"418":1,"420":1,"421":0,"424":1,"425":0,"427":0,"428":0,"429":0,"430":0,"431":0,"433":0,"435":1,"436":0,"437":0,"443":1,"444":0,"446":0,"447":0,"449":0,"450":0,"453":0,"461":0,"462":0,"463":0,"464":0,"465":0,"467":0,"468":0,"471":0,"476":0,"479":0,"481":0,"487":0,"488":0,"492":0,"493":0,"494":0,"497":0,"499":0,"503":1,"505":1,"506":0,"512":1,"513":0,"514":0,"515":0,"516":0,"519":1,"520":0,"523":1,"524":0,"527":1,"528":0,"531":1,"532":0,"535":1,"536":1,"538":1}}}